C:\Program Files (x86)\Microsoft Visual Studio\2019\Professional\MSBuild\Microsoft\VC\v160\Microsoft.CppBuild.targets(513,5): warning MSB8028: The intermediate directory (x64\Debug\) contains files shared from another project (KeyStepper.vcxproj).  This can lead to incorrect clean and rebuild behavior.
  Compiling CUDA source file CudaDevice\CudaDeviceKeys.cu...
  Compiling CUDA source file CudaDevice\CudaHashLookup.cu...
  Compiling CUDA source file CudaDevice\CudaKeySearchDevice.cu...
  Compiling CUDA source file CudaDevice\cudabridge.cu...
  Compiling CUDA source file CudaDevice\CudaAtomicList.cu...
  
  C:\crypto\code\Bitcrack2022\KeyStepper\KeyStepper>"C:\Program Files\NVIDIA GPU Computing Toolkit\CUDA\v10.2\bin\nvcc.exe" -gencode=arch=compute_30,code=\"sm_30,compute_30\" -gencode=arch=compute_35,code=\"sm_35,compute_35\" -gencode=arch=compute_37,code=\"sm_37,compute_37\" -gencode=arch=compute_50,code=\"sm_50,compute_50\" -gencode=arch=compute_52,code=\"sm_52,compute_52\" -gencode=arch=compute_60,code=\"sm_60,compute_60\" -gencode=arch=compute_61,code=\"sm_61,compute_61\" -gencode=arch=compute_70,code=\"sm_70,compute_70\" -gencode=arch=compute_75,code=\"sm_75,compute_75\" --use-local-env -ccbin "C:\Program Files (x86)\Microsoft Visual Studio\2019\Professional\VC\Tools\MSVC\14.29.30133\bin\HostX86\x64" -x cu -rdc=true -IC:\crypto\code\Bitcrack2022\KeyStepper\gmp\include -I"C:\Program Files\NVIDIA GPU Computing Toolkit\CUDA\v10.2\include" -I"C:\crypto\code\vcpkg\scripts\buildsystems\msbuild\..\..\..\installed\x64-windows\include" -I"C:\Program Files\NVIDIA GPU Computing Toolkit\CUDA\v10.2\include"  -G   --keep-dir x64\Debug -maxrregcount=0  --machine 64 --compile -cudart static  -g   -DWIN32 -DWIN64 -D_DEBUG -D_CONSOLE -D_MBCS -Xcompiler "/EHsc /W3 /nologo /Od /Fdx64\Debug\vc142.pdb /FS /Zi /RTC1 /MDd " -o x64\Debug\CudaAtomicList.cu.obj "C:\crypto\code\Bitcrack2022\KeyStepper\KeyStepper\CudaDevice\CudaAtomicList.cu" 
  
  
  
  C:\crypto\code\Bitcrack2022\KeyStepper\KeyStepper>"C:\Program Files\NVIDIA GPU Computing Toolkit\CUDA\v10.2\bin\nvcc.exe" -gencode=arch=compute_30,code=\"sm_30,compute_30\" -gencode=arch=compute_35,code=\"sm_35,compute_35\" -gencode=arch=compute_37,code=\"sm_37,compute_37\" -gencode=arch=compute_50,code=\"sm_50,compute_50\" -gencode=arch=compute_52,code=\"sm_52,compute_52\" -gencode=arch=compute_60,code=\"sm_60,compute_60\" -gencode=arch=compute_61,code=\"sm_61,compute_61\" -gencode=arch=compute_70,code=\"sm_70,compute_70\" -gencode=arch=compute_75,code=\"sm_75,compute_75\" --use-local-env -ccbin "C:\Program Files (x86)\Microsoft Visual Studio\2019\Professional\VC\Tools\MSVC\14.29.30133\bin\HostX86\x64" -x cu -rdc=true -IC:\crypto\code\Bitcrack2022\KeyStepper\gmp\include -I"C:\Program Files\NVIDIA GPU Computing Toolkit\CUDA\v10.2\include" -I"C:\crypto\code\vcpkg\scripts\buildsystems\msbuild\..\..\..\installed\x64-windows\include" -I"C:\Program Files\NVIDIA GPU Computing Toolkit\CUDA\v10.2\include"  -G   --keep-dir x64\Debug -maxrregcount=0  --machine 64 --compile -cudart static  -g   -DWIN32 -DWIN64 -D_DEBUG -D_CONSOLE -D_MBCS -Xcompiler "/EHsc /W3 /nologo /Od /Fdx64\Debug\vc142.pdb /FS /Zi /RTC1 /MDd " -o x64\Debug\CudaHashLookup.cu.obj "C:\crypto\code\Bitcrack2022\KeyStepper\KeyStepper\CudaDevice\CudaHashLookup.cu" 
  C:\crypto\code\Bitcrack2022\KeyStepper\KeyStepper>"C:\Program Files\NVIDIA GPU Computing Toolkit\CUDA\v10.2\bin\nvcc.exe" -gencode=arch=compute_30,code=\"sm_30,compute_30\" -gencode=arch=compute_35,code=\"sm_35,compute_35\" -gencode=arch=compute_37,code=\"sm_37,compute_37\" -gencode=arch=compute_50,code=\"sm_50,compute_50\" -gencode=arch=compute_52,code=\"sm_52,compute_52\" -gencode=arch=compute_60,code=\"sm_60,compute_60\" -gencode=arch=compute_61,code=\"sm_61,compute_61\" -gencode=arch=compute_70,code=\"sm_70,compute_70\" -gencode=arch=compute_75,code=\"sm_75,compute_75\" --use-local-env -ccbin "C:\Program Files (x86)\Microsoft Visual Studio\2019\Professional\VC\Tools\MSVC\14.29.30133\bin\HostX86\x64" -x cu -rdc=true -IC:\crypto\code\Bitcrack2022\KeyStepper\gmp\include -I"C:\Program Files\NVIDIA GPU Computing Toolkit\CUDA\v10.2\include" -I"C:\crypto\code\vcpkg\scripts\buildsystems\msbuild\..\..\..\installed\x64-windows\include" -I"C:\Program Files\NVIDIA GPU Computing Toolkit\CUDA\v10.2\include"  -G   --keep-dir x64\Debug -maxrregcount=0  --machine 64 --compile -cudart static  -g   -DWIN32 -DWIN64 -D_DEBUG -D_CONSOLE -D_MBCS -Xcompiler "/EHsc /W3 /nologo /Od /Fdx64\Debug\vc142.pdb /FS /Zi /RTC1 /MDd " -o x64\Debug\CudaKeySearchDevice.cu.obj "C:\crypto\code\Bitcrack2022\KeyStepper\KeyStepper\CudaDevice\CudaKeySearchDevice.cu" 
  C:\crypto\code\Bitcrack2022\KeyStepper\KeyStepper>"C:\Program Files\NVIDIA GPU Computing Toolkit\CUDA\v10.2\bin\nvcc.exe" -gencode=arch=compute_30,code=\"sm_30,compute_30\" -gencode=arch=compute_35,code=\"sm_35,compute_35\" -gencode=arch=compute_37,code=\"sm_37,compute_37\" -gencode=arch=compute_50,code=\"sm_50,compute_50\" -gencode=arch=compute_52,code=\"sm_52,compute_52\" -gencode=arch=compute_60,code=\"sm_60,compute_60\" -gencode=arch=compute_61,code=\"sm_61,compute_61\" -gencode=arch=compute_70,code=\"sm_70,compute_70\" -gencode=arch=compute_75,code=\"sm_75,compute_75\" --use-local-env -ccbin "C:\Program Files (x86)\Microsoft Visual Studio\2019\Professional\VC\Tools\MSVC\14.29.30133\bin\HostX86\x64" -x cu -rdc=true -IC:\crypto\code\Bitcrack2022\KeyStepper\gmp\include -I"C:\Program Files\NVIDIA GPU Computing Toolkit\CUDA\v10.2\include" -I"C:\crypto\code\vcpkg\scripts\buildsystems\msbuild\..\..\..\installed\x64-windows\include" -I"C:\Program Files\NVIDIA GPU Computing Toolkit\CUDA\v10.2\include"  -G   --keep-dir x64\Debug -maxrregcount=0  --machine 64 --compile -cudart static  -g   -DWIN32 -DWIN64 -D_DEBUG -D_CONSOLE -D_MBCS -Xcompiler "/EHsc /W3 /nologo /Od /Fdx64\Debug\vc142.pdb /FS /Zi /RTC1 /MDd " -o x64\Debug\CudaDeviceKeys.cu.obj "C:\crypto\code\Bitcrack2022\KeyStepper\KeyStepper\CudaDevice\CudaDeviceKeys.cu" 
  
  C:\crypto\code\Bitcrack2022\KeyStepper\KeyStepper>"C:\Program Files\NVIDIA GPU Computing Toolkit\CUDA\v10.2\bin\nvcc.exe" -gencode=arch=compute_30,code=\"sm_30,compute_30\" -gencode=arch=compute_35,code=\"sm_35,compute_35\" -gencode=arch=compute_37,code=\"sm_37,compute_37\" -gencode=arch=compute_50,code=\"sm_50,compute_50\" -gencode=arch=compute_52,code=\"sm_52,compute_52\" -gencode=arch=compute_60,code=\"sm_60,compute_60\" -gencode=arch=compute_61,code=\"sm_61,compute_61\" -gencode=arch=compute_70,code=\"sm_70,compute_70\" -gencode=arch=compute_75,code=\"sm_75,compute_75\" --use-local-env -ccbin "C:\Program Files (x86)\Microsoft Visual Studio\2019\Professional\VC\Tools\MSVC\14.29.30133\bin\HostX86\x64" -x cu -rdc=true -IC:\crypto\code\Bitcrack2022\KeyStepper\gmp\include -I"C:\Program Files\NVIDIA GPU Computing Toolkit\CUDA\v10.2\include" -I"C:\crypto\code\vcpkg\scripts\buildsystems\msbuild\..\..\..\installed\x64-windows\include" -I"C:\Program Files\NVIDIA GPU Computing Toolkit\CUDA\v10.2\include"  -G   --keep-dir x64\Debug -maxrregcount=0  --machine 64 --compile -cudart static  -g   -DWIN32 -DWIN64 -D_DEBUG -D_CONSOLE -D_MBCS -Xcompiler "/EHsc /W3 /nologo /Od /Fdx64\Debug\vc142.pdb /FS /Zi /RTC1 /MDd " -o x64\Debug\cudabridge.cu.obj "C:\crypto\code\Bitcrack2022\KeyStepper\KeyStepper\CudaDevice\cudabridge.cu" 
  CudaAtomicList.cu
  cudabridge.cu
C:\crypto\code\Bitcrack2022\KeyStepper\KeyStepper\CudaDevice\../Secp256k1/secp256k1.h(525): warning C4267: 'initializing': conversion from 'size_t' to 'int', possible loss of data
  CudaHashLookup.cu
C:\crypto\code\Bitcrack2022\KeyStepper\KeyStepper\KeyFinder\../Secp256k1/secp256k1.h(525): warning C4267: 'initializing': conversion from 'size_t' to 'int', possible loss of data
  CudaDeviceKeys.cu
C:\crypto\code\Bitcrack2022\KeyStepper\KeyStepper\CudaDevice\../Secp256k1/secp256k1.h(525): warning C4267: 'initializing': conversion from 'size_t' to 'int', possible loss of data
  CudaKeySearchDevice.cu
C:\crypto\code\Bitcrack2022\KeyStepper\KeyStepper\KeyFinder\../Secp256k1/secp256k1.h(525): warning C4267: 'initializing': conversion from 'size_t' to 'int', possible loss of data
C:\Program Files (x86)\Microsoft Visual Studio\2019\Professional\MSBuild\Microsoft\VC\v160\Microsoft.CppBuild.targets(1091,5): warning MSB8027: Two or more files with the name of hash.cpp will produce outputs to the same location. This can lead to an incorrect build result.  The files involved are AddrUtil\hash.cpp, CryptoUtil\hash.cpp.
  Base58.cpp
C:\crypto\code\Bitcrack2022\KeyStepper\KeyStepper\Secp256k1\secp256k1.h(164,9): warning C4996: 'sscanf': This function or variable may be unsafe. Consider using sscanf_s instead. To disable deprecation, use _CRT_SECURE_NO_WARNINGS. See online help for details.
C:\crypto\code\Bitcrack2022\KeyStepper\KeyStepper\Secp256k1\secp256k1.h(525,1): warning C4267: 'initializing': conversion from 'size_t' to 'int', possible loss of data
  hash.cpp
C:\crypto\code\Bitcrack2022\KeyStepper\KeyStepper\Secp256k1\secp256k1.h(164,9): warning C4996: 'sscanf': This function or variable may be unsafe. Consider using sscanf_s instead. To disable deprecation, use _CRT_SECURE_NO_WARNINGS. See online help for details.
C:\crypto\code\Bitcrack2022\KeyStepper\KeyStepper\Secp256k1\secp256k1.h(525,1): warning C4267: 'initializing': conversion from 'size_t' to 'int', possible loss of data
  CmdParse.cpp
  checksum.cpp
  hash.cpp
  ripemd160.cpp
  Rng.cpp
  sha256.cpp
  CudaKeySearchDevice.cpp
C:\crypto\code\Bitcrack2022\KeyStepper\KeyStepper\Secp256k1\secp256k1.h(164,9): warning C4996: 'sscanf': This function or variable may be unsafe. Consider using sscanf_s instead. To disable deprecation, use _CRT_SECURE_NO_WARNINGS. See online help for details.
C:\crypto\code\Bitcrack2022\KeyStepper\KeyStepper\Secp256k1\secp256k1.h(525,1): warning C4267: 'initializing': conversion from 'size_t' to 'int', possible loss of data
C:\crypto\code\Bitcrack2022\KeyStepper\KeyStepper\CudaDevice\CudaKeySearchDevice.cpp(208,33): warning C4267: 'initializing': conversion from 'size_t' to 'int', possible loss of data
C:\crypto\code\Bitcrack2022\KeyStepper\KeyStepper\CudaDevice\CudaKeySearchDevice.cpp(224,19): warning C4244: 'initializing': conversion from '_Ty' to 'int', possible loss of data
          with
          [
              _Ty=uint64_t
          ]
C:\crypto\code\Bitcrack2022\KeyStepper\KeyStepper\CudaDevice\CudaKeySearchDevice.cpp(231,40): warning C4244: '=': conversion from 'uint64_t' to 'uint32_t', possible loss of data
C:\crypto\code\Bitcrack2022\KeyStepper\KeyStepper\CudaDevice\CudaKeySearchDevice.cpp(336,20): warning C4244: '=': conversion from 'uint64_t' to 'float', possible loss of data
C:\crypto\code\Bitcrack2022\KeyStepper\KeyStepper\CudaDevice\CudaKeySearchDevice.cpp(337,142): warning C4244: 'argument': conversion from 'float' to 'uint64_t', possible loss of data
C:\crypto\code\Bitcrack2022\KeyStepper\KeyStepper\CudaDevice\CudaKeySearchDevice.cpp(453,21): warning C4244: '=': conversion from 'uint64_t' to 'float', possible loss of data
C:\crypto\code\Bitcrack2022\KeyStepper\KeyStepper\CudaDevice\CudaKeySearchDevice.cpp(454,149): warning C4244: 'argument': conversion from 'float' to 'uint64_t', possible loss of data
C:\crypto\code\Bitcrack2022\KeyStepper\KeyStepper\CudaDevice\CudaKeySearchDevice.cpp(568,21): warning C4244: '=': conversion from 'uint64_t' to 'float', possible loss of data
C:\crypto\code\Bitcrack2022\KeyStepper\KeyStepper\CudaDevice\CudaKeySearchDevice.cpp(569,141): warning C4244: 'argument': conversion from 'float' to 'uint64_t', possible loss of data
C:\crypto\code\Bitcrack2022\KeyStepper\KeyStepper\CudaDevice\CudaKeySearchDevice.cpp(589,20): warning C4244: '=': conversion from 'uint64_t' to 'float', possible loss of data
C:\crypto\code\Bitcrack2022\KeyStepper\KeyStepper\CudaDevice\CudaKeySearchDevice.cpp(591,138): warning C4244: 'argument': conversion from 'float' to 'uint64_t', possible loss of data
C:\crypto\code\Bitcrack2022\KeyStepper\KeyStepper\CudaDevice\CudaKeySearchDevice.cpp(618,20): warning C4244: '=': conversion from 'uint64_t' to 'float', possible loss of data
C:\crypto\code\Bitcrack2022\KeyStepper\KeyStepper\CudaDevice\CudaKeySearchDevice.cpp(619,131): warning C4244: 'argument': conversion from 'float' to 'uint64_t', possible loss of data
C:\crypto\code\Bitcrack2022\KeyStepper\KeyStepper\CudaDevice\CudaKeySearchDevice.cpp(828,60): warning C4267: 'argument': conversion from 'size_t' to 'uint32_t', possible loss of data
C:\crypto\code\Bitcrack2022\KeyStepper\KeyStepper\CudaDevice\CudaKeySearchDevice.cpp(832,83): warning C4267: 'argument': conversion from 'size_t' to 'uint32_t', possible loss of data
C:\crypto\code\Bitcrack2022\KeyStepper\KeyStepper\CudaDevice\CudaKeySearchDevice.cpp(835,43): warning C4244: 'argument': conversion from 'uint64_t' to 'uint32_t', possible loss of data
C:\crypto\code\Bitcrack2022\KeyStepper\KeyStepper\CudaDevice\CudaKeySearchDevice.cpp(857,60): warning C4267: 'argument': conversion from 'size_t' to 'uint32_t', possible loss of data
C:\crypto\code\Bitcrack2022\KeyStepper\KeyStepper\CudaDevice\CudaKeySearchDevice.cpp(858,43): warning C4244: 'argument': conversion from 'uint64_t' to 'uint32_t', possible loss of data
C:\crypto\code\Bitcrack2022\KeyStepper\KeyStepper\CudaDevice\CudaKeySearchDevice.cpp(925,30): warning C4244: 'argument': conversion from 'uint64_t' to 'int', possible loss of data
  RandomHelper.cu
C:\crypto\code\Bitcrack2022\KeyStepper\KeyStepper\Secp256k1\secp256k1.h(164,9): warning C4996: 'sscanf': This function or variable may be unsafe. Consider using sscanf_s instead. To disable deprecation, use _CRT_SECURE_NO_WARNINGS. See online help for details.
C:\crypto\code\Bitcrack2022\KeyStepper\KeyStepper\Secp256k1\secp256k1.h(525,1): warning C4267: 'initializing': conversion from 'size_t' to 'int', possible loss of data
C:\crypto\code\Bitcrack2022\KeyStepper\KeyStepper\RandomHelper.cu(63,24): warning C4018: '<': signed/unsigned mismatch
C:\crypto\code\Bitcrack2022\KeyStepper\KeyStepper\RandomHelper.cu(67,43): warning C4244: 'argument': conversion from 'uint64_t' to 'unsigned int', possible loss of data
C:\crypto\code\Bitcrack2022\KeyStepper\KeyStepper\RandomHelper.cu(119,36): warning C4244: 'argument': conversion from 'time_t' to 'unsigned int', possible loss of data
C:\crypto\code\Bitcrack2022\KeyStepper\KeyStepper\RandomHelper.cu(143,36): warning C4244: 'argument': conversion from 'time_t' to 'unsigned int', possible loss of data
C:\crypto\code\Bitcrack2022\KeyStepper\KeyStepper\RandomHelper.cu(168,36): warning C4244: 'argument': conversion from 'time_t' to 'unsigned int', possible loss of data
C:\crypto\code\Bitcrack2022\KeyStepper\KeyStepper\RandomHelper.cu(243,36): warning C4244: 'argument': conversion from 'uint64_t' to 'unsigned int', possible loss of data
C:\crypto\code\Bitcrack2022\KeyStepper\KeyStepper\RandomHelper.cu(287,12): warning C4244: 'argument': conversion from 'uint64_t' to 'unsigned int', possible loss of data
  cudaUtil.cpp
  ConfigFile.cpp
C:\crypto\code\Bitcrack2022\KeyStepper\KeyStepper\Secp256k1\secp256k1.h(164,9): warning C4996: 'sscanf': This function or variable may be unsafe. Consider using sscanf_s instead. To disable deprecation, use _CRT_SECURE_NO_WARNINGS. See online help for details.
C:\crypto\code\Bitcrack2022\KeyStepper\KeyStepper\Secp256k1\secp256k1.h(525,1): warning C4267: 'initializing': conversion from 'size_t' to 'int', possible loss of data
  DeviceManager.cpp
  KeyFinder.cpp
C:\crypto\code\Bitcrack2022\KeyStepper\KeyStepper\Secp256k1\secp256k1.h(164,9): warning C4996: 'sscanf': This function or variable may be unsafe. Consider using sscanf_s instead. To disable deprecation, use _CRT_SECURE_NO_WARNINGS. See online help for details.
C:\crypto\code\Bitcrack2022\KeyStepper\KeyStepper\Secp256k1\secp256k1.h(525,1): warning C4267: 'initializing': conversion from 'size_t' to 'int', possible loss of data
C:\crypto\code\Bitcrack2022\KeyStepper\KeyStepper\KeyFinder\KeyFinder.cpp(294,53): warning C4552: '*': result of expression not used
  Logger.cpp
C:\crypto\code\Bitcrack2022\KeyStepper\KeyStepper\Secp256k1\secp256k1.h(164,9): warning C4996: 'sscanf': This function or variable may be unsafe. Consider using sscanf_s instead. To disable deprecation, use _CRT_SECURE_NO_WARNINGS. See online help for details.
C:\crypto\code\Bitcrack2022\KeyStepper\KeyStepper\Secp256k1\secp256k1.h(525,1): warning C4267: 'initializing': conversion from 'size_t' to 'int', possible loss of data
C:\crypto\code\Bitcrack2022\KeyStepper\KeyStepper\Logger\Logger.cpp(40,13): warning C4996: 'localtime': This function or variable may be unsafe. Consider using localtime_s instead. To disable deprecation, use _CRT_SECURE_NO_WARNINGS. See online help for details.
  main.cpp
C:\crypto\code\Bitcrack2022\KeyStepper\KeyStepper\Secp256k1\secp256k1.h(164,9): warning C4996: 'sscanf': This function or variable may be unsafe. Consider using sscanf_s instead. To disable deprecation, use _CRT_SECURE_NO_WARNINGS. See online help for details.
C:\crypto\code\Bitcrack2022\KeyStepper\KeyStepper\Secp256k1\secp256k1.h(525,1): warning C4267: 'initializing': conversion from 'size_t' to 'int', possible loss of data
C:\crypto\code\Bitcrack2022\KeyStepper\gmp\include\gmp.h(1795,19): warning C4244: 'return': conversion from 'mp_limb_t' to 'unsigned long', possible loss of data
C:\crypto\code\Bitcrack2022\KeyStepper\gmp\include\gmpxx.h(101,26): warning C4146: unary minus operator applied to unsigned type, result still unsigned
C:\crypto\code\Bitcrack2022\KeyStepper\gmp\include\gmpxx.h(155,6): warning C4146: unary minus operator applied to unsigned type, result still unsigned
C:\crypto\code\Bitcrack2022\KeyStepper\gmp\include\gmpxx.h(206,24): warning C4146: unary minus operator applied to unsigned type, result still unsigned
C:\crypto\code\Bitcrack2022\KeyStepper\gmp\include\gmpxx.h(278,24): warning C4146: unary minus operator applied to unsigned type, result still unsigned
C:\crypto\code\Bitcrack2022\KeyStepper\gmp\include\gmpxx.h(322,24): warning C4146: unary minus operator applied to unsigned type, result still unsigned
C:\crypto\code\Bitcrack2022\KeyStepper\gmp\include\gmpxx.h(330,26): warning C4146: unary minus operator applied to unsigned type, result still unsigned
C:\crypto\code\Bitcrack2022\KeyStepper\gmp\include\gmpxx.h(372,37): warning C4146: unary minus operator applied to unsigned type, result still unsigned
C:\crypto\code\Bitcrack2022\KeyStepper\gmp\include\gmpxx.h(407,24): warning C4146: unary minus operator applied to unsigned type, result still unsigned
C:\crypto\code\Bitcrack2022\KeyStepper\gmp\include\gmpxx.h(414,24): warning C4146: unary minus operator applied to unsigned type, result still unsigned
C:\crypto\code\Bitcrack2022\KeyStepper\gmp\include\gmpxx.h(442,36): warning C4146: unary minus operator applied to unsigned type, result still unsigned
C:\crypto\code\Bitcrack2022\KeyStepper\gmp\include\gmpxx.h(525,20): warning C4146: unary minus operator applied to unsigned type, result still unsigned
C:\crypto\code\Bitcrack2022\KeyStepper\gmp\include\gmpxx.h(570,20): warning C4146: unary minus operator applied to unsigned type, result still unsigned
C:\crypto\code\Bitcrack2022\KeyStepper\gmp\include\gmpxx.h(599,19): warning C4146: unary minus operator applied to unsigned type, result still unsigned
C:\crypto\code\Bitcrack2022\KeyStepper\gmp\include\gmpxx.h(667,13): warning C4146: unary minus operator applied to unsigned type, result still unsigned
C:\crypto\code\Bitcrack2022\KeyStepper\gmp\include\gmpxx.h(720,20): warning C4146: unary minus operator applied to unsigned type, result still unsigned
C:\crypto\code\Bitcrack2022\KeyStepper\gmp\include\gmpxx.h(764,19): warning C4146: unary minus operator applied to unsigned type, result still unsigned
C:\crypto\code\Bitcrack2022\KeyStepper\gmp\include\gmpxx.h(774,16): warning C4146: unary minus operator applied to unsigned type, result still unsigned
C:\crypto\code\Bitcrack2022\KeyStepper\gmp\include\gmpxx.h(1292,10): warning C4146: unary minus operator applied to unsigned type, result still unsigned
C:\crypto\code\Bitcrack2022\KeyStepper\gmp\include\gmpxx.h(1593,12): warning C4146: unary minus operator applied to unsigned type, result still unsigned
C:\crypto\code\Bitcrack2022\KeyStepper\gmp\include\gmpxx.h(1617,10): warning C4146: unary minus operator applied to unsigned type, result still unsigned
C:\crypto\code\Bitcrack2022\KeyStepper\KeyStepper\main.cpp(309,9): warning C4476: 'printf' : unknown type field character '(' in format specifier
  secp256k1.cpp
C:\crypto\code\Bitcrack2022\KeyStepper\KeyStepper\Secp256k1\secp256k1.h(164,9): warning C4996: 'sscanf': This function or variable may be unsafe. Consider using sscanf_s instead. To disable deprecation, use _CRT_SECURE_NO_WARNINGS. See online help for details.
C:\crypto\code\Bitcrack2022\KeyStepper\KeyStepper\Secp256k1\secp256k1.h(525,1): warning C4267: 'initializing': conversion from 'size_t' to 'int', possible loss of data
C:\crypto\code\Bitcrack2022\KeyStepper\KeyStepper\Secp256k1\secp256k1.cpp(700,3): warning C4996: 'sprintf': This function or variable may be unsafe. Consider using sprintf_s instead. To disable deprecation, use _CRT_SECURE_NO_WARNINGS. See online help for details.
C:\crypto\code\Bitcrack2022\KeyStepper\KeyStepper\Secp256k1\secp256k1.cpp(1082,58): warning C4244: '=': conversion from 'uint64_t' to 'uint32_t', possible loss of data
C:\crypto\code\Bitcrack2022\KeyStepper\KeyStepper\Secp256k1\secp256k1.cpp(1153,41): warning C4244: '=': conversion from 'uint64_t' to 'uint32_t', possible loss of data
C:\crypto\code\Bitcrack2022\KeyStepper\KeyStepper\Secp256k1\secp256k1.cpp(1159,41): warning C4244: '=': conversion from 'uint64_t' to 'uint32_t', possible loss of data
C:\crypto\code\Bitcrack2022\KeyStepper\KeyStepper\Secp256k1\secp256k1.cpp(1205,36): warning C4244: 'argument': conversion from 'uint64_t' to 'uint32_t', possible loss of data
C:\crypto\code\Bitcrack2022\KeyStepper\KeyStepper\Secp256k1\secp256k1.cpp(1223,5): warning C4267: 'initializing': conversion from 'size_t' to 'int', possible loss of data
C:\crypto\code\Bitcrack2022\KeyStepper\KeyStepper\Secp256k1\secp256k1.cpp(1253,25): warning C4267: 'initializing': conversion from 'size_t' to 'int', possible loss of data
C:\crypto\code\Bitcrack2022\KeyStepper\KeyStepper\Secp256k1\secp256k1.cpp(1280,62): warning C4267: 'argument': conversion from 'size_t' to 'int32_t', possible loss of data
C:\crypto\code\Bitcrack2022\KeyStepper\KeyStepper\Secp256k1\secp256k1.cpp(1382,76): warning C4267: 'argument': conversion from 'size_t' to 'int32_t', possible loss of data
  mathstuff.cpp
C:\crypto\code\Bitcrack2022\KeyStepper\KeyStepper\Secp256k1\secp256k1.h(164,9): warning C4996: 'sscanf': This function or variable may be unsafe. Consider using sscanf_s instead. To disable deprecation, use _CRT_SECURE_NO_WARNINGS. See online help for details.
C:\crypto\code\Bitcrack2022\KeyStepper\KeyStepper\Secp256k1\secp256k1.h(525,1): warning C4267: 'initializing': conversion from 'size_t' to 'int', possible loss of data
C:\crypto\code\Bitcrack2022\KeyStepper\KeyStepper\mathstuff.cpp(246,32): warning C4267: 'initializing': conversion from 'size_t' to 'int', possible loss of data
C:\crypto\code\Bitcrack2022\KeyStepper\KeyStepper\mathstuff.cpp(247,52): warning C4267: 'initializing': conversion from 'size_t' to 'int', possible loss of data
C:\Program Files (x86)\Microsoft Visual Studio\2019\Professional\VC\Tools\MSVC\14.29.30133\include\xutility(4595,24): warning C4244: '=': conversion from 'const _Ty' to 'int', possible loss of data
          with
          [
              _Ty=uint64_t
          ]
C:\crypto\code\Bitcrack2022\KeyStepper\KeyStepper\mathstuff.h(43): message : see reference to function template instantiation 'void std::fill<_InIt,T>(const _FwdIt,const _FwdIt,const _Ty &)' being compiled
          with
          [
              _InIt=std::_List_iterator<std::_List_val<std::_List_simple_types<int>>>,
              T=uint64_t,
              _FwdIt=std::_List_iterator<std::_List_val<std::_List_simple_types<int>>>,
              _Ty=uint64_t
          ]
C:\crypto\code\Bitcrack2022\KeyStepper\KeyStepper\mathstuff.cpp(138): message : see reference to function template instantiation 'bool mathstuff::nextPermutationWithRepetition<std::_List_iterator<std::_List_val<std::_List_simple_types<_Ty>>>,uint64_t>(InputIt,InputIt,T,T)' being compiled
          with
          [
              _Ty=int,
              InputIt=std::_List_iterator<std::_List_val<std::_List_simple_types<int>>>,
              T=uint64_t
          ]
  util.cpp
C:\crypto\code\Bitcrack2022\KeyStepper\KeyStepper\Secp256k1\secp256k1.h(164,9): warning C4996: 'sscanf': This function or variable may be unsafe. Consider using sscanf_s instead. To disable deprecation, use _CRT_SECURE_NO_WARNINGS. See online help for details.
C:\crypto\code\Bitcrack2022\KeyStepper\KeyStepper\Secp256k1\secp256k1.h(525,1): warning C4267: 'initializing': conversion from 'size_t' to 'int', possible loss of data
C:\crypto\code\Bitcrack2022\KeyStepper\KeyStepper\Util\util.cpp(80,3): warning C4996: 'sprintf': This function or variable may be unsafe. Consider using sprintf_s instead. To disable deprecation, use _CRT_SECURE_NO_WARNINGS. See online help for details.
C:\crypto\code\Bitcrack2022\KeyStepper\KeyStepper\Util\util.cpp(129,8): warning C4996: 'sscanf': This function or variable may be unsafe. Consider using sscanf_s instead. To disable deprecation, use _CRT_SECURE_NO_WARNINGS. See online help for details.
C:\crypto\code\Bitcrack2022\KeyStepper\KeyStepper\Util\util.cpp(134,8): warning C4996: 'sscanf': This function or variable may be unsafe. Consider using sscanf_s instead. To disable deprecation, use _CRT_SECURE_NO_WARNINGS. See online help for details.
C:\crypto\code\Bitcrack2022\KeyStepper\KeyStepper\Util\util.cpp(167,4): warning C4996: 'sprintf': This function or variable may be unsafe. Consider using sprintf_s instead. To disable deprecation, use _CRT_SECURE_NO_WARNINGS. See online help for details.
C:\crypto\code\Bitcrack2022\KeyStepper\KeyStepper\Util\util.cpp(170,4): warning C4996: 'sprintf': This function or variable may be unsafe. Consider using sprintf_s instead. To disable deprecation, use _CRT_SECURE_NO_WARNINGS. See online help for details.
C:\crypto\code\Bitcrack2022\KeyStepper\KeyStepper\Util\util.cpp(194,6): warning C4996: 'sprintf': This function or variable may be unsafe. Consider using sprintf_s instead. To disable deprecation, use _CRT_SECURE_NO_WARNINGS. See online help for details.
C:\crypto\code\Bitcrack2022\KeyStepper\KeyStepper\Util\util.cpp(196,6): warning C4996: 'sprintf': This function or variable may be unsafe. Consider using sprintf_s instead. To disable deprecation, use _CRT_SECURE_NO_WARNINGS. See online help for details.
C:\crypto\code\Bitcrack2022\KeyStepper\KeyStepper\Util\util.cpp(199,5): warning C4996: 'sprintf': This function or variable may be unsafe. Consider using sprintf_s instead. To disable deprecation, use _CRT_SECURE_NO_WARNINGS. See online help for details.
C:\crypto\code\Bitcrack2022\KeyStepper\KeyStepper\Util\util.cpp(212,6): warning C4996: 'sprintf': This function or variable may be unsafe. Consider using sprintf_s instead. To disable deprecation, use _CRT_SECURE_NO_WARNINGS. See online help for details.
C:\crypto\code\Bitcrack2022\KeyStepper\KeyStepper\Util\util.cpp(215,6): warning C4996: 'sprintf': This function or variable may be unsafe. Consider using sprintf_s instead. To disable deprecation, use _CRT_SECURE_NO_WARNINGS. See online help for details.
C:\crypto\code\Bitcrack2022\KeyStepper\KeyStepper\Util\util.cpp(219,5): warning C4996: 'sprintf': This function or variable may be unsafe. Consider using sprintf_s instead. To disable deprecation, use _CRT_SECURE_NO_WARNINGS. See online help for details.
C:\crypto\code\Bitcrack2022\KeyStepper\KeyStepper\Util\util.cpp(230,14): warning C4996: 'fopen': This function or variable may be unsafe. Consider using fopen_s instead. To disable deprecation, use _CRT_SECURE_NO_WARNINGS. See online help for details.
C:\crypto\code\Bitcrack2022\KeyStepper\KeyStepper\Util\util.cpp(297,3): warning C4996: 'sprintf': This function or variable may be unsafe. Consider using sprintf_s instead. To disable deprecation, use _CRT_SECURE_NO_WARNINGS. See online help for details.
C:\crypto\code\Bitcrack2022\KeyStepper\KeyStepper\Util\util.cpp(306,3): warning C4996: 'sprintf': This function or variable may be unsafe. Consider using sprintf_s instead. To disable deprecation, use _CRT_SECURE_NO_WARNINGS. See online help for details.
C:\crypto\code\Bitcrack2022\KeyStepper\KeyStepper\Util\util.cpp(315,3): warning C4996: 'sprintf': This function or variable may be unsafe. Consider using sprintf_s instead. To disable deprecation, use _CRT_SECURE_NO_WARNINGS. See online help for details.
C:\crypto\code\Bitcrack2022\KeyStepper\KeyStepper\Util\util.cpp(324,3): warning C4996: 'sprintf': This function or variable may be unsafe. Consider using sprintf_s instead. To disable deprecation, use _CRT_SECURE_NO_WARNINGS. See online help for details.
C:\crypto\code\Bitcrack2022\KeyStepper\KeyStepper\Util\util.cpp(446,23): warning C4244: '=': conversion from 'uint64_t' to 'int', possible loss of data
  Generating Code...
  
  C:\crypto\code\Bitcrack2022\KeyStepper\KeyStepper>"C:\Program Files\NVIDIA GPU Computing Toolkit\CUDA\v10.2\bin\nvcc.exe" -dlink -o x64\Debug\KeyScanner.device-link.obj -Xcompiler "/EHsc /W3 /nologo /Od /Zi /RTC1 /MDd " -LC:\crypto\code\Bitcrack2022\KeyStepper\gmp\lib\x64 -L"C:\Program Files\NVIDIA GPU Computing Toolkit\CUDA\v10.2\lib\x64" -L"C:\crypto\code\vcpkg\scripts\buildsystems\msbuild\..\..\..\installed\x64-windows\debug\lib" -L"C:\crypto\code\vcpkg\scripts\buildsystems\msbuild\..\..\..\installed\x64-windows\debug\lib\manual-link" BCrypt.lib Shlwapi.lib cudart_static.lib curand.lib kernel32.lib user32.lib gdi32.lib winspool.lib comdlg32.lib advapi32.lib shell32.lib ole32.lib oleaut32.lib uuid.lib odbc32.lib odbccp32.lib gmp.lib  -gencode=arch=compute_30,code=sm_30 -gencode=arch=compute_35,code=sm_35 -gencode=arch=compute_37,code=sm_37 -gencode=arch=compute_50,code=sm_50 -gencode=arch=compute_52,code=sm_52 -gencode=arch=compute_60,code=sm_60 -gencode=arch=compute_61,code=sm_61 -gencode=arch=compute_70,code=sm_70 -gencode=arch=compute_75,code=sm_75 -G --machine 64 x64\Debug\CudaAtomicList.cu.obj x64\Debug\cudabridge.cu.obj x64\Debug\CudaDeviceKeys.cu.obj x64\Debug\CudaHashLookup.cu.obj x64\Debug\CudaKeySearchDevice.cu.obj 
  BCrypt.lib
  Shlwapi.lib
  cudart_static.lib
  curand.lib
  kernel32.lib
  user32.lib
  gdi32.lib
  winspool.lib
  comdlg32.lib
  advapi32.lib
  shell32.lib
  ole32.lib
  oleaut32.lib
  uuid.lib
  odbc32.lib
  odbccp32.lib
  gmp.lib
  CudaAtomicList.cu.obj
  cudabridge.cu.obj
  CudaDeviceKeys.cu.obj
  CudaHashLookup.cu.obj
  CudaKeySearchDevice.cu.obj
