c:\crypto\code\bitcrack2022\keystepper\keystepper\x64\debug\vc142.pdb
c:\crypto\code\bitcrack2022\keystepper\keystepper\x64\debug\vc142.idb
c:\crypto\code\bitcrack2022\keystepper\keystepper\x64\debug\util.obj
c:\crypto\code\bitcrack2022\keystepper\keystepper\x64\debug\mathstuff.obj
c:\crypto\code\bitcrack2022\keystepper\keystepper\x64\debug\secp256k1.obj
c:\crypto\code\bitcrack2022\keystepper\keystepper\x64\debug\main.obj
c:\crypto\code\bitcrack2022\keystepper\keystepper\x64\debug\logger.obj
c:\crypto\code\bitcrack2022\keystepper\keystepper\x64\debug\keyfinder.obj
c:\crypto\code\bitcrack2022\keystepper\keystepper\x64\debug\devicemanager.obj
c:\crypto\code\bitcrack2022\keystepper\keystepper\x64\debug\configfile.obj
c:\crypto\code\bitcrack2022\keystepper\keystepper\x64\debug\cudautil.obj
c:\crypto\code\bitcrack2022\keystepper\keystepper\x64\debug\randomhelper.obj
c:\crypto\code\bitcrack2022\keystepper\keystepper\x64\debug\cudakeysearchdevice.obj
c:\crypto\code\bitcrack2022\keystepper\keystepper\x64\debug\sha256.obj
c:\crypto\code\bitcrack2022\keystepper\keystepper\x64\debug\rng.obj
c:\crypto\code\bitcrack2022\keystepper\keystepper\x64\debug\ripemd160.obj
c:\crypto\code\bitcrack2022\keystepper\keystepper\x64\debug\hash.obj
c:\crypto\code\bitcrack2022\keystepper\keystepper\x64\debug\checksum.obj
c:\crypto\code\bitcrack2022\keystepper\keystepper\x64\debug\cmdparse.obj
c:\crypto\code\bitcrack2022\keystepper\keystepper\x64\debug\base58.obj
c:\crypto\code\bitcrack2022\keystepper\x64\debug\keystepper.lib
c:\crypto\code\bitcrack2022\keystepper\x64\debug\keystepper.exp
c:\crypto\code\bitcrack2022\keystepper\keystepper\x64\debug\keystepper.ilk
c:\crypto\code\bitcrack2022\keystepper\x64\debug\keystepper.exe
c:\crypto\code\bitcrack2022\keystepper\x64\debug\keystepper.pdb
c:\crypto\code\bitcrack2022\keystepper\keystepper\x64\debug\cudaatomiclist.cu.cache
c:\crypto\code\bitcrack2022\keystepper\keystepper\x64\debug\cudabridge.cu.cache
c:\crypto\code\bitcrack2022\keystepper\keystepper\x64\debug\cudadevicekeys.cu.cache
c:\crypto\code\bitcrack2022\keystepper\keystepper\x64\debug\cudahashlookup.cu.cache
c:\crypto\code\bitcrack2022\keystepper\keystepper\x64\debug\cudakeysearchdevice.cu.cache
c:\crypto\code\bitcrack2022\keystepper\keystepper\x64\debug\cudaatomiclist.cu.obj
c:\crypto\code\bitcrack2022\keystepper\keystepper\x64\debug\cudabridge.cu.obj
c:\crypto\code\bitcrack2022\keystepper\keystepper\x64\debug\cudadevicekeys.cu.obj
c:\crypto\code\bitcrack2022\keystepper\keystepper\x64\debug\cudahashlookup.cu.obj
c:\crypto\code\bitcrack2022\keystepper\keystepper\x64\debug\cudakeysearchdevice.cu.obj
c:\crypto\code\bitcrack2022\keystepper\keystepper\x64\debug\keystepper.device-link.obj
c:\crypto\code\bitcrack2022\keystepper\keystepper\x64\debug\keystepper.tlog\cl.command.1.tlog
c:\crypto\code\bitcrack2022\keystepper\keystepper\x64\debug\keystepper.tlog\cl.read.1.tlog
c:\crypto\code\bitcrack2022\keystepper\keystepper\x64\debug\keystepper.tlog\cl.write.1.tlog
c:\crypto\code\bitcrack2022\keystepper\keystepper\x64\debug\keystepper.tlog\cudacompile.read.1u.tlog
c:\crypto\code\bitcrack2022\keystepper\keystepper\x64\debug\keystepper.tlog\cudacompile.write.1u.tlog
c:\crypto\code\bitcrack2022\keystepper\keystepper\x64\debug\keystepper.tlog\keystepper.write.1u.tlog
c:\crypto\code\bitcrack2022\keystepper\keystepper\x64\debug\keystepper.tlog\link.command.1.tlog
c:\crypto\code\bitcrack2022\keystepper\keystepper\x64\debug\keystepper.tlog\link.read.1.tlog
c:\crypto\code\bitcrack2022\keystepper\keystepper\x64\debug\keystepper.tlog\link.write.1.tlog
