c:\crypto\code\repos\keyscanner2\keyscanner2\x64\release-with-debug\vc142.pdb
c:\crypto\code\repos\keyscanner2\keyscanner2\x64\release-with-debug\vc142.idb
c:\crypto\code\repos\keyscanner2\keyscanner2\x64\release-with-debug\secp256k1.obj
c:\crypto\code\repos\keyscanner2\keyscanner2\x64\release-with-debug\random.obj
c:\crypto\code\repos\keyscanner2\keyscanner2\x64\release-with-debug\point.obj
c:\crypto\code\repos\keyscanner2\keyscanner2\x64\release-with-debug\opensslrng.obj
c:\crypto\code\repos\keyscanner2\keyscanner2\x64\release-with-debug\main.obj
c:\crypto\code\repos\keyscanner2\keyscanner2\x64\release-with-debug\keyfinder.obj
c:\crypto\code\repos\keyscanner2\keyscanner2\x64\release-with-debug\intmod.obj
c:\crypto\code\repos\keyscanner2\keyscanner2\x64\release-with-debug\intgroup.obj
c:\crypto\code\repos\keyscanner2\keyscanner2\x64\release-with-debug\int.obj
c:\crypto\code\repos\keyscanner2\keyscanner2\x64\release-with-debug\sha512.obj
c:\crypto\code\repos\keyscanner2\keyscanner2\x64\release-with-debug\sha256_sse.obj
c:\crypto\code\repos\keyscanner2\keyscanner2\x64\release-with-debug\sha256.obj
c:\crypto\code\repos\keyscanner2\keyscanner2\x64\release-with-debug\ripemd160_sse.obj
c:\crypto\code\repos\keyscanner2\keyscanner2\x64\release-with-debug\ripemd160.obj
c:\crypto\code\repos\keyscanner2\keyscanner2\x64\release-with-debug\keccak160.obj
c:\crypto\code\repos\keyscanner2\keyscanner2\x64\release-with-debug\gpugenerate.obj
c:\crypto\code\repos\keyscanner2\keyscanner2\x64\release-with-debug\gmputil.obj
c:\crypto\code\repos\keyscanner2\keyscanner2\x64\release-with-debug\cmdparse.obj
c:\crypto\code\repos\keyscanner2\keyscanner2\x64\release-with-debug\bloom.obj
c:\crypto\code\repos\keyscanner2\keyscanner2\x64\release-with-debug\base58.obj
c:\crypto\code\repos\keyscanner2\keyscanner2\x64\release-with-debug\timer.obj
x64\release-with-debug\gpurand.cu.obj
x64\release-with-debug\gpuengine.cu.obj
c:\crypto\code\repos\keyscanner2\x64\release-with-debug\keyscanner.lib
c:\crypto\code\repos\keyscanner2\x64\release-with-debug\keyscanner.exp
c:\crypto\code\repos\keyscanner2\x64\release-with-debug\keyscanner.ilk
c:\crypto\code\repos\keyscanner2\x64\release-with-debug\keyscanner.exe
c:\crypto\code\repos\keyscanner2\x64\release-with-debug\keyscanner.pdb
c:\crypto\code\repos\keyscanner2\keyscanner2\x64\release-with-debug\gpuengine.cu.cache
c:\crypto\code\repos\keyscanner2\keyscanner2\x64\release-with-debug\gpurand.cu.cache
c:\crypto\code\repos\keyscanner2\keyscanner2\x64\release-with-debug\gpuengine.cu.obj
c:\crypto\code\repos\keyscanner2\keyscanner2\x64\release-with-debug\gpurand.cu.obj
c:\crypto\code\repos\keyscanner2\keyscanner2\x64\release-with-debug\keyscanner.tlog\cl.command.1.tlog
c:\crypto\code\repos\keyscanner2\keyscanner2\x64\release-with-debug\keyscanner.tlog\cl.read.1.tlog
c:\crypto\code\repos\keyscanner2\keyscanner2\x64\release-with-debug\keyscanner.tlog\cl.write.1.tlog
c:\crypto\code\repos\keyscanner2\keyscanner2\x64\release-with-debug\keyscanner.tlog\cudacompile.read.1u.tlog
c:\crypto\code\repos\keyscanner2\keyscanner2\x64\release-with-debug\keyscanner.tlog\cudacompile.write.1u.tlog
c:\crypto\code\repos\keyscanner2\keyscanner2\x64\release-with-debug\keyscanner.tlog\keyscanner.write.1u.tlog
c:\crypto\code\repos\keyscanner2\keyscanner2\x64\release-with-debug\keyscanner.tlog\link.command.1.tlog
c:\crypto\code\repos\keyscanner2\keyscanner2\x64\release-with-debug\keyscanner.tlog\link.read.1.tlog
c:\crypto\code\repos\keyscanner2\keyscanner2\x64\release-with-debug\keyscanner.tlog\link.write.1.tlog
