  Compiling CUDA source file GPU\GPUEngine.cu...
  Compiling CUDA source file GPURand.cu...
  
  C:\crypto\code\repos\KeyScanner2\KeyScanner2>"C:\Program Files\NVIDIA GPU Computing Toolkit\CUDA\v10.2\bin\nvcc.exe" -gencode=arch=compute_30,code=\"sm_30,compute_30\" -gencode=arch=compute_35,code=\"sm_35,compute_35\" -gencode=arch=compute_37,code=\"sm_37,compute_37\" -gencode=arch=compute_50,code=\"sm_50,compute_50\" -gencode=arch=compute_52,code=\"sm_52,compute_52\" -gencode=arch=compute_60,code=\"sm_60,compute_60\" -gencode=arch=compute_61,code=\"sm_61,compute_61\" -gencode=arch=compute_70,code=\"sm_70,compute_70\" -gencode=arch=compute_75,code=\"sm_75,compute_75\" --use-local-env -ccbin "C:\Program Files (x86)\Microsoft Visual Studio\2019\Professional\VC\Tools\MSVC\14.29.30133\bin\HostX86\x64" -x cu  -IC:\crypto\code\lib\openssl\include -IC:\crypto\code\btc.current\secp256k1\include -IC:\crypto\code\repos\KeyScanner2\gmp\include -I"C:\Program Files\NVIDIA GPU Computing Toolkit\CUDA\v10.2\include" -I"C:\crypto\code\vcpkg\scripts\buildsystems\msbuild\..\..\..\installed\x64-windows\include" -I"C:\Program Files\NVIDIA GPU Computing Toolkit\CUDA\v10.2\include"     --keep-dir x64\Release-With-Debug -maxrregcount=0  --machine 64 --compile -cudart static     -DWIN32 -DWIN64 -DNDEBUG -D_CONSOLE -DWITHGPU -D_CRT_SECURE_NO_WARNINGS -D_MBCS -Xcompiler "/EHsc /W3 /nologo /Od /Fdx64\Release-With-Debug\vc142.pdb /FS /Zi  /MD " -o x64\Release-With-Debug\GPURand.cu.obj "C:\crypto\code\repos\KeyScanner2\KeyScanner2\GPURand.cu" 
  
  C:\crypto\code\repos\KeyScanner2\KeyScanner2>"C:\Program Files\NVIDIA GPU Computing Toolkit\CUDA\v10.2\bin\nvcc.exe" -gencode=arch=compute_30,code=\"sm_30,compute_30\" -gencode=arch=compute_35,code=\"sm_35,compute_35\" -gencode=arch=compute_37,code=\"sm_37,compute_37\" -gencode=arch=compute_50,code=\"sm_50,compute_50\" -gencode=arch=compute_52,code=\"sm_52,compute_52\" -gencode=arch=compute_60,code=\"sm_60,compute_60\" -gencode=arch=compute_61,code=\"sm_61,compute_61\" -gencode=arch=compute_70,code=\"sm_70,compute_70\" -gencode=arch=compute_75,code=\"sm_75,compute_75\" --use-local-env -ccbin "C:\Program Files (x86)\Microsoft Visual Studio\2019\Professional\VC\Tools\MSVC\14.29.30133\bin\HostX86\x64" -x cu  -IC:\crypto\code\lib\openssl\include -IC:\crypto\code\btc.current\secp256k1\include -IC:\crypto\code\repos\KeyScanner2\gmp\include -I"C:\Program Files\NVIDIA GPU Computing Toolkit\CUDA\v10.2\include" -I"C:\crypto\code\vcpkg\scripts\buildsystems\msbuild\..\..\..\installed\x64-windows\include" -I"C:\Program Files\NVIDIA GPU Computing Toolkit\CUDA\v10.2\include"     --keep-dir x64\Release-With-Debug -maxrregcount=0  --machine 64 --compile -cudart static     -DWIN32 -DWIN64 -DNDEBUG -D_CONSOLE -DWITHGPU -D_CRT_SECURE_NO_WARNINGS -D_MBCS -Xcompiler "/EHsc /W3 /nologo /Od /Fdx64\Release-With-Debug\vc142.pdb /FS /Zi  /MD " -o x64\Release-With-Debug\GPUEngine.cu.obj "C:\crypto\code\repos\KeyScanner2\KeyScanner2\GPU\GPUEngine.cu" 
C:/crypto/code/repos/KeyScanner2/KeyScanner2/GPU/GPUEngine.cu(853): warning : variable "pubkey" was declared but never referenced
  
C:/crypto/code/repos/KeyScanner2/KeyScanner2/GPU/GPUEngine.cu(853): warning : variable "pubkey" was declared but never referenced
  
C:/crypto/code/repos/KeyScanner2/KeyScanner2/GPU/GPUEngine.cu(853): warning : variable "pubkey" was declared but never referenced
  
C:/crypto/code/repos/KeyScanner2/KeyScanner2/GPU/GPUEngine.cu(853): warning : variable "pubkey" was declared but never referenced
  
  GPURand.cu
C:\crypto\code\repos\KeyScanner2\KeyScanner2\GPURand.h(135): warning C4267: 'initializing': conversion from 'size_t' to 'int', possible loss of data
C:\crypto\code\repos\KeyScanner2\KeyScanner2\GPURand.h(271): warning C4244: 'return': conversion from 'uint64_t' to 'int', possible loss of data
C:\crypto\code\repos\KeyScanner2\KeyScanner2\GPURand.h(275): warning C4267: 'return': conversion from 'size_t' to 'int', possible loss of data
C:\crypto\code\repos\KeyScanner2\KeyScanner2\GPURand.h(471): warning C4244: 'argument': conversion from 'uint64_t' to 'int', possible loss of data
C:\crypto\code\repos\KeyScanner2\KeyScanner2\GPURand.h(494): warning C4244: 'argument': conversion from 'uint64_t' to 'int', possible loss of data
C:\crypto\code\repos\KeyScanner2\KeyScanner2\GPURand.h(538): warning C4244: 'argument': conversion from 'uint64_t' to 'int', possible loss of data
C:\crypto\code\repos\KeyScanner2\KeyScanner2\GPURand.h(559): warning C4244: 'argument': conversion from 'uint64_t' to 'int', possible loss of data
C:\crypto\code\repos\KeyScanner2\KeyScanner2\GPURand.h(600): warning C4267: 'initializing': conversion from 'size_t' to 'int', possible loss of data
C:/crypto/code/repos/KeyScanner2/KeyScanner2/GPURand.cu(36): warning C4018: '<': signed/unsigned mismatch
C:/crypto/code/repos/KeyScanner2/KeyScanner2/GPURand.cu(40): warning C4244: 'argument': conversion from 'uint64_t' to 'unsigned int', possible loss of data
C:/crypto/code/repos/KeyScanner2/KeyScanner2/GPURand.cu(92): warning C4244: 'argument': conversion from 'time_t' to 'unsigned int', possible loss of data
C:/crypto/code/repos/KeyScanner2/KeyScanner2/GPU/GPUEngine.cu(853): warning : variable "pubkey" was declared but never referenced
  
C:/crypto/code/repos/KeyScanner2/KeyScanner2/GPU/GPUEngine.cu(853): warning : variable "pubkey" was declared but never referenced
  
C:/crypto/code/repos/KeyScanner2/KeyScanner2/GPU/GPUEngine.cu(853): warning : variable "pubkey" was declared but never referenced
  
C:/crypto/code/repos/KeyScanner2/KeyScanner2/GPU/GPUEngine.cu(853): warning : variable "pubkey" was declared but never referenced
  
C:/crypto/code/repos/KeyScanner2/KeyScanner2/GPU/GPUEngine.cu(853): warning : variable "pubkey" was declared but never referenced
  
  GPUEngine.cu
  device_functions.h is an internal header file and must not be used directly.  This file will be removed in a future CUDA release.  Please use cuda_runtime_api.h or cuda_runtime.h instead.
C:/crypto/code/repos/KeyScanner2/KeyScanner2/GPU/GPUEngine.cu(508): warning C4244: 'argument': conversion from 'uint64_t' to 'int', possible loss of data
C:/crypto/code/repos/KeyScanner2/KeyScanner2/GPU/GPUEngine.cu(512): warning C4244: 'argument': conversion from 'uint64_t' to 'int', possible loss of data
C:/crypto/code/repos/KeyScanner2/KeyScanner2/GPU/GPUEngine.cu(517): warning C4244: 'argument': conversion from 'uint64_t' to 'int', possible loss of data
C:/crypto/code/repos/KeyScanner2/KeyScanner2/GPU/GPUEngine.cu(540): warning C4244: 'argument': conversion from 'uint64_t' to 'int', possible loss of data
cl : command line warning D9002: ignoring unknown option '/arch:SSE'
  Base58.cpp
  Bloom.cpp
C:\crypto\code\repos\KeyScanner2\KeyScanner2\Bloom.cpp(81,21): warning C4244: 'initializing': conversion from 'unsigned __int64' to 'unsigned int', possible loss of data
  CmdParse.cpp
C:\crypto\code\repos\KeyScanner2\KeyScanner2\GPURand.h(135,1): warning C4267: 'initializing': conversion from 'size_t' to 'int', possible loss of data
C:\crypto\code\repos\KeyScanner2\KeyScanner2\GPURand.h(271,11): warning C4244: 'return': conversion from 'uint64_t' to 'int', possible loss of data
C:\crypto\code\repos\KeyScanner2\KeyScanner2\GPURand.h(275,1): warning C4267: 'return': conversion from 'size_t' to 'int', possible loss of data
C:\crypto\code\repos\KeyScanner2\KeyScanner2\GPURand.h(471,37): warning C4244: 'argument': conversion from 'uint64_t' to 'int', possible loss of data
C:\crypto\code\repos\KeyScanner2\KeyScanner2\GPURand.h(494,25): warning C4244: 'argument': conversion from 'uint64_t' to 'int', possible loss of data
C:\crypto\code\repos\KeyScanner2\KeyScanner2\GPURand.h(538,37): warning C4244: 'argument': conversion from 'uint64_t' to 'int', possible loss of data
C:\crypto\code\repos\KeyScanner2\KeyScanner2\GPURand.h(559,25): warning C4244: 'argument': conversion from 'uint64_t' to 'int', possible loss of data
C:\crypto\code\repos\KeyScanner2\KeyScanner2\GPURand.h(600,1): warning C4267: 'initializing': conversion from 'size_t' to 'int', possible loss of data
  GmpUtil.cpp
C:\crypto\code\repos\KeyScanner2\gmp\include\gmp.h(1795,19): warning C4244: 'return': conversion from 'mp_limb_t' to 'unsigned long', possible loss of data
C:\crypto\code\repos\KeyScanner2\gmp\include\gmpxx.h(101,26): warning C4146: unary minus operator applied to unsigned type, result still unsigned
C:\crypto\code\repos\KeyScanner2\gmp\include\gmpxx.h(155,6): warning C4146: unary minus operator applied to unsigned type, result still unsigned
C:\crypto\code\repos\KeyScanner2\gmp\include\gmpxx.h(206,24): warning C4146: unary minus operator applied to unsigned type, result still unsigned
C:\crypto\code\repos\KeyScanner2\gmp\include\gmpxx.h(278,24): warning C4146: unary minus operator applied to unsigned type, result still unsigned
C:\crypto\code\repos\KeyScanner2\gmp\include\gmpxx.h(322,24): warning C4146: unary minus operator applied to unsigned type, result still unsigned
C:\crypto\code\repos\KeyScanner2\gmp\include\gmpxx.h(330,26): warning C4146: unary minus operator applied to unsigned type, result still unsigned
C:\crypto\code\repos\KeyScanner2\gmp\include\gmpxx.h(372,37): warning C4146: unary minus operator applied to unsigned type, result still unsigned
C:\crypto\code\repos\KeyScanner2\gmp\include\gmpxx.h(407,24): warning C4146: unary minus operator applied to unsigned type, result still unsigned
C:\crypto\code\repos\KeyScanner2\gmp\include\gmpxx.h(414,24): warning C4146: unary minus operator applied to unsigned type, result still unsigned
C:\crypto\code\repos\KeyScanner2\gmp\include\gmpxx.h(442,36): warning C4146: unary minus operator applied to unsigned type, result still unsigned
C:\crypto\code\repos\KeyScanner2\gmp\include\gmpxx.h(525,20): warning C4146: unary minus operator applied to unsigned type, result still unsigned
C:\crypto\code\repos\KeyScanner2\gmp\include\gmpxx.h(570,20): warning C4146: unary minus operator applied to unsigned type, result still unsigned
C:\crypto\code\repos\KeyScanner2\gmp\include\gmpxx.h(599,19): warning C4146: unary minus operator applied to unsigned type, result still unsigned
C:\crypto\code\repos\KeyScanner2\gmp\include\gmpxx.h(667,13): warning C4146: unary minus operator applied to unsigned type, result still unsigned
C:\crypto\code\repos\KeyScanner2\gmp\include\gmpxx.h(720,20): warning C4146: unary minus operator applied to unsigned type, result still unsigned
C:\crypto\code\repos\KeyScanner2\gmp\include\gmpxx.h(764,19): warning C4146: unary minus operator applied to unsigned type, result still unsigned
C:\crypto\code\repos\KeyScanner2\gmp\include\gmpxx.h(774,16): warning C4146: unary minus operator applied to unsigned type, result still unsigned
C:\crypto\code\repos\KeyScanner2\gmp\include\gmpxx.h(1292,10): warning C4146: unary minus operator applied to unsigned type, result still unsigned
C:\crypto\code\repos\KeyScanner2\gmp\include\gmpxx.h(1593,12): warning C4146: unary minus operator applied to unsigned type, result still unsigned
C:\crypto\code\repos\KeyScanner2\gmp\include\gmpxx.h(1617,10): warning C4146: unary minus operator applied to unsigned type, result still unsigned
  GPUGenerate.cpp
  keccak160.cpp
  ripemd160.cpp
  ripemd160_sse.cpp
  sha256.cpp
  sha256_sse.cpp
  sha512.cpp
  Int.cpp
C:\crypto\code\repos\KeyScanner2\KeyScanner2\Int.cpp(976,29): warning C4267: 'return': conversion from 'size_t' to 'int', possible loss of data
C:\crypto\code\repos\KeyScanner2\KeyScanner2\Int.cpp(1178,44): warning C4267: 'initializing': conversion from 'size_t' to 'int', possible loss of data
C:\crypto\code\repos\KeyScanner2\KeyScanner2\Int.cpp(1207,83): warning C4267: '=': conversion from 'size_t' to 'int', possible loss of data
C:\crypto\code\repos\KeyScanner2\KeyScanner2\Int.cpp(1261,44): warning C4267: 'initializing': conversion from 'size_t' to 'int', possible loss of data
  IntGroup.cpp
  IntMod.cpp
  KeyFinder.cpp
C:\crypto\code\repos\KeyScanner2\KeyScanner2\GPURand.h(135,1): warning C4267: 'initializing': conversion from 'size_t' to 'int', possible loss of data
C:\crypto\code\repos\KeyScanner2\KeyScanner2\GPURand.h(271,11): warning C4244: 'return': conversion from 'uint64_t' to 'int', possible loss of data
C:\crypto\code\repos\KeyScanner2\KeyScanner2\GPURand.h(275,1): warning C4267: 'return': conversion from 'size_t' to 'int', possible loss of data
C:\crypto\code\repos\KeyScanner2\KeyScanner2\GPURand.h(471,37): warning C4244: 'argument': conversion from 'uint64_t' to 'int', possible loss of data
C:\crypto\code\repos\KeyScanner2\KeyScanner2\GPURand.h(494,25): warning C4244: 'argument': conversion from 'uint64_t' to 'int', possible loss of data
C:\crypto\code\repos\KeyScanner2\KeyScanner2\GPURand.h(538,37): warning C4244: 'argument': conversion from 'uint64_t' to 'int', possible loss of data
C:\crypto\code\repos\KeyScanner2\KeyScanner2\GPURand.h(559,25): warning C4244: 'argument': conversion from 'uint64_t' to 'int', possible loss of data
C:\crypto\code\repos\KeyScanner2\KeyScanner2\GPURand.h(600,1): warning C4267: 'initializing': conversion from 'size_t' to 'int', possible loss of data
C:\crypto\code\repos\KeyScanner2\KeyScanner2\sha256.cpp(120,61): warning C4267: 'argument': conversion from 'size_t' to 'unsigned int', possible loss of data
C:\crypto\code\repos\KeyScanner2\KeyScanner2\KeyFinder.cpp(727,16): warning C4244: 'argument': conversion from 'time_t' to 'unsigned int', possible loss of data
C:\crypto\code\repos\KeyScanner2\KeyScanner2\KeyFinder.cpp(1246,39): warning C4267: 'initializing': conversion from 'size_t' to 'int', possible loss of data
C:\crypto\code\repos\KeyScanner2\KeyScanner2\KeyFinder.cpp(1298,39): warning C4267: 'initializing': conversion from 'size_t' to 'int', possible loss of data
C:\crypto\code\repos\KeyScanner2\KeyScanner2\KeyFinder.cpp(1350,38): warning C4267: 'initializing': conversion from 'size_t' to 'int', possible loss of data
C:\crypto\code\repos\KeyScanner2\KeyScanner2\KeyFinder.cpp(1356,20): warning C4244: 'initializing': conversion from '_Rep' to 'uint32_t', possible loss of data
          with
          [
              _Rep=__int64
          ]
C:\crypto\code\repos\KeyScanner2\KeyScanner2\KeyFinder.cpp(1376,39): warning C4267: 'initializing': conversion from 'size_t' to 'int', possible loss of data
C:\crypto\code\repos\KeyScanner2\KeyScanner2\KeyFinder.cpp(1425,38): warning C4267: 'initializing': conversion from 'size_t' to 'int', possible loss of data
C:\crypto\code\repos\KeyScanner2\KeyScanner2\KeyFinder.cpp(1432,20): warning C4244: 'initializing': conversion from '_Rep' to 'uint32_t', possible loss of data
          with
          [
              _Rep=__int64
          ]
C:\crypto\code\repos\KeyScanner2\KeyScanner2\KeyFinder.cpp(1449,39): warning C4267: 'initializing': conversion from 'size_t' to 'int', possible loss of data
C:\crypto\code\repos\KeyScanner2\KeyScanner2\KeyFinder.cpp(1551,39): warning C4267: 'initializing': conversion from 'size_t' to 'int', possible loss of data
C:\crypto\code\repos\KeyScanner2\KeyScanner2\KeyFinder.cpp(1610,39): warning C4267: 'initializing': conversion from 'size_t' to 'int', possible loss of data
C:\crypto\code\repos\KeyScanner2\KeyScanner2\KeyFinder.cpp(1663,38): warning C4267: 'initializing': conversion from 'size_t' to 'int', possible loss of data
C:\crypto\code\repos\KeyScanner2\KeyScanner2\KeyFinder.cpp(1692,39): warning C4267: 'initializing': conversion from 'size_t' to 'int', possible loss of data
C:\crypto\code\repos\KeyScanner2\KeyScanner2\KeyFinder.cpp(1743,38): warning C4267: 'initializing': conversion from 'size_t' to 'int', possible loss of data
C:\crypto\code\repos\KeyScanner2\KeyScanner2\KeyFinder.cpp(1772,39): warning C4267: 'initializing': conversion from 'size_t' to 'int', possible loss of data
C:\crypto\code\repos\KeyScanner2\KeyScanner2\KeyFinder.cpp(2018,17): warning C4244: 'argument': conversion from 'time_t' to 'unsigned int', possible loss of data
C:\crypto\code\repos\KeyScanner2\KeyScanner2\KeyFinder.cpp(2513,57): warning C4267: 'initializing': conversion from 'size_t' to 'int', possible loss of data
C:\crypto\code\repos\KeyScanner2\KeyScanner2\KeyFinder.cpp(3351,16): warning C4244: 'argument': conversion from 'double' to 'uint64_t', possible loss of data
C:\crypto\code\repos\KeyScanner2\KeyScanner2\KeyFinder.cpp(3360,23): warning C4244: '=': conversion from 'double' to 'unsigned __int64', possible loss of data
C:\crypto\code\repos\KeyScanner2\KeyScanner2\KeyFinder.cpp(3370,15): warning C4244: 'argument': conversion from 'double' to 'uint64_t', possible loss of data
C:\crypto\code\repos\KeyScanner2\KeyScanner2\KeyFinder.cpp(3379,22): warning C4244: '=': conversion from 'double' to 'unsigned __int64', possible loss of data
C:\crypto\code\repos\KeyScanner2\KeyScanner2\KeyFinder.cpp(3391,14): warning C4244: 'argument': conversion from 'double' to 'uint64_t', possible loss of data
C:\crypto\code\repos\KeyScanner2\KeyScanner2\KeyFinder.cpp(3403,16): warning C4244: 'argument': conversion from 'double' to 'uint64_t', possible loss of data
C:\crypto\code\repos\KeyScanner2\KeyScanner2\KeyFinder.cpp(3412,23): warning C4244: '=': conversion from 'double' to 'unsigned __int64', possible loss of data
C:\crypto\code\repos\KeyScanner2\KeyScanner2\KeyFinder.cpp(3422,15): warning C4244: 'argument': conversion from 'double' to 'uint64_t', possible loss of data
C:\crypto\code\repos\KeyScanner2\KeyScanner2\KeyFinder.cpp(3431,22): warning C4244: '=': conversion from 'double' to 'unsigned __int64', possible loss of data
C:\crypto\code\repos\KeyScanner2\KeyScanner2\KeyFinder.cpp(3443,14): warning C4244: 'argument': conversion from 'double' to 'uint64_t', possible loss of data
C:\crypto\code\repos\KeyScanner2\KeyScanner2\KeyFinder.cpp(3463,21): warning C4244: 'argument': conversion from 'double' to 'int', possible loss of data
C:\crypto\code\repos\KeyScanner2\KeyScanner2\KeyFinder.cpp(3473,21): warning C4244: 'argument': conversion from 'double' to 'int', possible loss of data
C:\crypto\code\repos\KeyScanner2\KeyScanner2\KeyFinder.cpp(3490,21): warning C4244: 'argument': conversion from 'double' to 'int', possible loss of data
C:\crypto\code\repos\KeyScanner2\KeyScanner2\KeyFinder.cpp(3503,21): warning C4244: 'argument': conversion from 'double' to 'int', possible loss of data
C:\crypto\code\repos\KeyScanner2\KeyScanner2\KeyFinder.cpp(3521,21): warning C4244: 'argument': conversion from 'double' to 'int', possible loss of data
C:\crypto\code\repos\KeyScanner2\KeyScanner2\KeyFinder.cpp(3532,21): warning C4244: 'argument': conversion from 'double' to 'int', possible loss of data
C:\crypto\code\repos\KeyScanner2\KeyScanner2\KeyFinder.cpp(3548,21): warning C4244: 'argument': conversion from 'double' to 'int', possible loss of data
C:\crypto\code\repos\KeyScanner2\KeyScanner2\KeyFinder.cpp(3561,21): warning C4244: 'argument': conversion from 'double' to 'int', possible loss of data
C:\crypto\code\repos\KeyScanner2\KeyScanner2\KeyFinder.cpp(3586,22): warning C4244: 'argument': conversion from 'double' to 'int', possible loss of data
C:\crypto\code\repos\KeyScanner2\KeyScanner2\KeyFinder.cpp(3596,22): warning C4244: 'argument': conversion from 'double' to 'int', possible loss of data
C:\crypto\code\repos\KeyScanner2\KeyScanner2\KeyFinder.cpp(3613,22): warning C4244: 'argument': conversion from 'double' to 'int', possible loss of data
C:\crypto\code\repos\KeyScanner2\KeyScanner2\KeyFinder.cpp(3626,22): warning C4244: 'argument': conversion from 'double' to 'int', possible loss of data
C:\crypto\code\repos\KeyScanner2\KeyScanner2\KeyFinder.cpp(3644,22): warning C4244: 'argument': conversion from 'double' to 'int', possible loss of data
C:\crypto\code\repos\KeyScanner2\KeyScanner2\KeyFinder.cpp(3655,22): warning C4244: 'argument': conversion from 'double' to 'int', possible loss of data
C:\crypto\code\repos\KeyScanner2\KeyScanner2\KeyFinder.cpp(3671,22): warning C4244: 'argument': conversion from 'double' to 'int', possible loss of data
C:\crypto\code\repos\KeyScanner2\KeyScanner2\KeyFinder.cpp(3684,22): warning C4244: 'argument': conversion from 'double' to 'int', possible loss of data
C:\crypto\code\repos\KeyScanner2\KeyScanner2\KeyFinder.cpp(3706,22): warning C4244: 'argument': conversion from 'double' to 'int', possible loss of data
C:\crypto\code\repos\KeyScanner2\KeyScanner2\KeyFinder.cpp(3716,22): warning C4244: 'argument': conversion from 'double' to 'int', possible loss of data
C:\crypto\code\repos\KeyScanner2\KeyScanner2\KeyFinder.cpp(3733,22): warning C4244: 'argument': conversion from 'double' to 'int', possible loss of data
C:\crypto\code\repos\KeyScanner2\KeyScanner2\KeyFinder.cpp(3732,18): warning C4477: 'printf' : format string '%lf' requires an argument of type 'double', but variadic argument 4 has type 'unsigned __int64'
C:\crypto\code\repos\KeyScanner2\KeyScanner2\KeyFinder.cpp(3732,18): warning C4477: 'printf' : format string '%.2f' requires an argument of type 'double', but variadic argument 5 has type 'unsigned __int64'
C:\crypto\code\repos\KeyScanner2\KeyScanner2\KeyFinder.cpp(3732,18): warning C4477: 'printf' : format string '%s' requires an argument of type 'char *', but variadic argument 6 has type 'unsigned __int64'
C:\crypto\code\repos\KeyScanner2\KeyScanner2\KeyFinder.cpp(3739,12): warning C4474: 'printf' : too many arguments passed for format string
C:\crypto\code\repos\KeyScanner2\KeyScanner2\KeyFinder.cpp(3739,12): message : placeholders and their parameters expect 6 variadic arguments, but 9 were provided
C:\crypto\code\repos\KeyScanner2\KeyScanner2\KeyFinder.cpp(3749,22): warning C4244: 'argument': conversion from 'double' to 'int', possible loss of data
C:\crypto\code\repos\KeyScanner2\KeyScanner2\KeyFinder.cpp(3767,22): warning C4244: 'argument': conversion from 'double' to 'int', possible loss of data
C:\crypto\code\repos\KeyScanner2\KeyScanner2\KeyFinder.cpp(3778,22): warning C4244: 'argument': conversion from 'double' to 'int', possible loss of data
C:\crypto\code\repos\KeyScanner2\KeyScanner2\KeyFinder.cpp(3794,22): warning C4244: 'argument': conversion from 'double' to 'int', possible loss of data
C:\crypto\code\repos\KeyScanner2\KeyScanner2\KeyFinder.cpp(3807,22): warning C4244: 'argument': conversion from 'double' to 'int', possible loss of data
C:\crypto\code\repos\KeyScanner2\KeyScanner2\KeyFinder.cpp(3834,21): warning C4244: 'argument': conversion from 'double' to 'int', possible loss of data
C:\crypto\code\repos\KeyScanner2\KeyScanner2\KeyFinder.cpp(3843,21): warning C4244: 'argument': conversion from 'double' to 'int', possible loss of data
C:\crypto\code\repos\KeyScanner2\KeyScanner2\KeyFinder.cpp(3859,21): warning C4244: 'argument': conversion from 'double' to 'int', possible loss of data
C:\crypto\code\repos\KeyScanner2\KeyScanner2\KeyFinder.cpp(3871,21): warning C4244: 'argument': conversion from 'double' to 'int', possible loss of data
C:\crypto\code\repos\KeyScanner2\KeyScanner2\KeyFinder.cpp(3888,21): warning C4244: 'argument': conversion from 'double' to 'int', possible loss of data
C:\crypto\code\repos\KeyScanner2\KeyScanner2\KeyFinder.cpp(3898,21): warning C4244: 'argument': conversion from 'double' to 'int', possible loss of data
C:\crypto\code\repos\KeyScanner2\KeyScanner2\KeyFinder.cpp(3913,21): warning C4244: 'argument': conversion from 'double' to 'int', possible loss of data
C:\crypto\code\repos\KeyScanner2\KeyScanner2\KeyFinder.cpp(3925,21): warning C4244: 'argument': conversion from 'double' to 'int', possible loss of data
C:\crypto\code\repos\KeyScanner2\KeyScanner2\KeyFinder.cpp(3949,22): warning C4244: 'argument': conversion from 'double' to 'int', possible loss of data
C:\crypto\code\repos\KeyScanner2\KeyScanner2\KeyFinder.cpp(3958,22): warning C4244: 'argument': conversion from 'double' to 'int', possible loss of data
C:\crypto\code\repos\KeyScanner2\KeyScanner2\KeyFinder.cpp(3974,22): warning C4244: 'argument': conversion from 'double' to 'int', possible loss of data
C:\crypto\code\repos\KeyScanner2\KeyScanner2\KeyFinder.cpp(3986,22): warning C4244: 'argument': conversion from 'double' to 'int', possible loss of data
C:\crypto\code\repos\KeyScanner2\KeyScanner2\KeyFinder.cpp(4003,22): warning C4244: 'argument': conversion from 'double' to 'int', possible loss of data
C:\crypto\code\repos\KeyScanner2\KeyScanner2\KeyFinder.cpp(4013,22): warning C4244: 'argument': conversion from 'double' to 'int', possible loss of data
C:\crypto\code\repos\KeyScanner2\KeyScanner2\KeyFinder.cpp(4028,22): warning C4244: 'argument': conversion from 'double' to 'int', possible loss of data
C:\crypto\code\repos\KeyScanner2\KeyScanner2\KeyFinder.cpp(4040,22): warning C4244: 'argument': conversion from 'double' to 'int', possible loss of data
C:\crypto\code\repos\KeyScanner2\KeyScanner2\KeyFinder.cpp(4061,22): warning C4244: 'argument': conversion from 'double' to 'int', possible loss of data
C:\crypto\code\repos\KeyScanner2\KeyScanner2\KeyFinder.cpp(4070,22): warning C4244: 'argument': conversion from 'double' to 'int', possible loss of data
C:\crypto\code\repos\KeyScanner2\KeyScanner2\KeyFinder.cpp(4086,22): warning C4244: 'argument': conversion from 'double' to 'int', possible loss of data
C:\crypto\code\repos\KeyScanner2\KeyScanner2\KeyFinder.cpp(4098,22): warning C4244: 'argument': conversion from 'double' to 'int', possible loss of data
C:\crypto\code\repos\KeyScanner2\KeyScanner2\KeyFinder.cpp(4115,22): warning C4244: 'argument': conversion from 'double' to 'int', possible loss of data
C:\crypto\code\repos\KeyScanner2\KeyScanner2\KeyFinder.cpp(4125,22): warning C4244: 'argument': conversion from 'double' to 'int', possible loss of data
C:\crypto\code\repos\KeyScanner2\KeyScanner2\KeyFinder.cpp(4140,22): warning C4244: 'argument': conversion from 'double' to 'int', possible loss of data
C:\crypto\code\repos\KeyScanner2\KeyScanner2\KeyFinder.cpp(4152,22): warning C4244: 'argument': conversion from 'double' to 'int', possible loss of data
C:\crypto\code\repos\KeyScanner2\KeyScanner2\KeyFinder.cpp(4181,21): warning C4244: 'argument': conversion from 'double' to 'int', possible loss of data
C:\crypto\code\repos\KeyScanner2\KeyScanner2\KeyFinder.cpp(4191,21): warning C4244: 'argument': conversion from 'double' to 'int', possible loss of data
C:\crypto\code\repos\KeyScanner2\KeyScanner2\KeyFinder.cpp(4208,21): warning C4244: 'argument': conversion from 'double' to 'int', possible loss of data
C:\crypto\code\repos\KeyScanner2\KeyScanner2\KeyFinder.cpp(4223,21): warning C4244: 'argument': conversion from 'double' to 'int', possible loss of data
C:\crypto\code\repos\KeyScanner2\KeyScanner2\KeyFinder.cpp(4243,21): warning C4244: 'argument': conversion from 'double' to 'int', possible loss of data
C:\crypto\code\repos\KeyScanner2\KeyScanner2\KeyFinder.cpp(4254,21): warning C4244: 'argument': conversion from 'double' to 'int', possible loss of data
C:\crypto\code\repos\KeyScanner2\KeyScanner2\KeyFinder.cpp(4270,21): warning C4244: 'argument': conversion from 'double' to 'int', possible loss of data
C:\crypto\code\repos\KeyScanner2\KeyScanner2\KeyFinder.cpp(4285,21): warning C4244: 'argument': conversion from 'double' to 'int', possible loss of data
C:\crypto\code\repos\KeyScanner2\KeyScanner2\KeyFinder.cpp(4312,22): warning C4244: 'argument': conversion from 'double' to 'int', possible loss of data
C:\crypto\code\repos\KeyScanner2\KeyScanner2\KeyFinder.cpp(4322,22): warning C4244: 'argument': conversion from 'double' to 'int', possible loss of data
C:\crypto\code\repos\KeyScanner2\KeyScanner2\KeyFinder.cpp(4339,22): warning C4244: 'argument': conversion from 'double' to 'int', possible loss of data
C:\crypto\code\repos\KeyScanner2\KeyScanner2\KeyFinder.cpp(4356,22): warning C4244: 'argument': conversion from 'double' to 'int', possible loss of data
C:\crypto\code\repos\KeyScanner2\KeyScanner2\KeyFinder.cpp(4378,22): warning C4244: 'argument': conversion from 'double' to 'int', possible loss of data
C:\crypto\code\repos\KeyScanner2\KeyScanner2\KeyFinder.cpp(4389,22): warning C4244: 'argument': conversion from 'double' to 'int', possible loss of data
C:\crypto\code\repos\KeyScanner2\KeyScanner2\KeyFinder.cpp(4405,22): warning C4244: 'argument': conversion from 'double' to 'int', possible loss of data
C:\crypto\code\repos\KeyScanner2\KeyScanner2\KeyFinder.cpp(4422,22): warning C4244: 'argument': conversion from 'double' to 'int', possible loss of data
C:\crypto\code\repos\KeyScanner2\KeyScanner2\KeyFinder.cpp(4448,22): warning C4244: 'argument': conversion from 'double' to 'int', possible loss of data
C:\crypto\code\repos\KeyScanner2\KeyScanner2\KeyFinder.cpp(4458,22): warning C4244: 'argument': conversion from 'double' to 'int', possible loss of data
C:\crypto\code\repos\KeyScanner2\KeyScanner2\KeyFinder.cpp(4475,22): warning C4244: 'argument': conversion from 'double' to 'int', possible loss of data
C:\crypto\code\repos\KeyScanner2\KeyScanner2\KeyFinder.cpp(4491,22): warning C4244: 'argument': conversion from 'double' to 'int', possible loss of data
C:\crypto\code\repos\KeyScanner2\KeyScanner2\KeyFinder.cpp(4512,22): warning C4244: 'argument': conversion from 'double' to 'int', possible loss of data
C:\crypto\code\repos\KeyScanner2\KeyScanner2\KeyFinder.cpp(4523,22): warning C4244: 'argument': conversion from 'double' to 'int', possible loss of data
C:\crypto\code\repos\KeyScanner2\KeyScanner2\KeyFinder.cpp(4539,22): warning C4244: 'argument': conversion from 'double' to 'int', possible loss of data
C:\crypto\code\repos\KeyScanner2\KeyScanner2\KeyFinder.cpp(4555,22): warning C4244: 'argument': conversion from 'double' to 'int', possible loss of data
C:\crypto\code\repos\KeyScanner2\KeyScanner2\KeyFinder.cpp(4585,21): warning C4244: 'argument': conversion from 'double' to 'int', possible loss of data
C:\crypto\code\repos\KeyScanner2\KeyScanner2\KeyFinder.cpp(4594,21): warning C4244: 'argument': conversion from 'double' to 'int', possible loss of data
C:\crypto\code\repos\KeyScanner2\KeyScanner2\KeyFinder.cpp(4610,21): warning C4244: 'argument': conversion from 'double' to 'int', possible loss of data
C:\crypto\code\repos\KeyScanner2\KeyScanner2\KeyFinder.cpp(4624,21): warning C4244: 'argument': conversion from 'double' to 'int', possible loss of data
C:\crypto\code\repos\KeyScanner2\KeyScanner2\KeyFinder.cpp(4643,21): warning C4244: 'argument': conversion from 'double' to 'int', possible loss of data
C:\crypto\code\repos\KeyScanner2\KeyScanner2\KeyFinder.cpp(4653,21): warning C4244: 'argument': conversion from 'double' to 'int', possible loss of data
C:\crypto\code\repos\KeyScanner2\KeyScanner2\KeyFinder.cpp(4668,21): warning C4244: 'argument': conversion from 'double' to 'int', possible loss of data
C:\crypto\code\repos\KeyScanner2\KeyScanner2\KeyFinder.cpp(4682,21): warning C4244: 'argument': conversion from 'double' to 'int', possible loss of data
C:\crypto\code\repos\KeyScanner2\KeyScanner2\KeyFinder.cpp(4708,22): warning C4244: 'argument': conversion from 'double' to 'int', possible loss of data
C:\crypto\code\repos\KeyScanner2\KeyScanner2\KeyFinder.cpp(4717,22): warning C4244: 'argument': conversion from 'double' to 'int', possible loss of data
C:\crypto\code\repos\KeyScanner2\KeyScanner2\KeyFinder.cpp(4733,22): warning C4244: 'argument': conversion from 'double' to 'int', possible loss of data
C:\crypto\code\repos\KeyScanner2\KeyScanner2\KeyFinder.cpp(4749,22): warning C4244: 'argument': conversion from 'double' to 'int', possible loss of data
C:\crypto\code\repos\KeyScanner2\KeyScanner2\KeyFinder.cpp(4770,22): warning C4244: 'argument': conversion from 'double' to 'int', possible loss of data
C:\crypto\code\repos\KeyScanner2\KeyScanner2\KeyFinder.cpp(4780,22): warning C4244: 'argument': conversion from 'double' to 'int', possible loss of data
C:\crypto\code\repos\KeyScanner2\KeyScanner2\KeyFinder.cpp(4795,22): warning C4244: 'argument': conversion from 'double' to 'int', possible loss of data
C:\crypto\code\repos\KeyScanner2\KeyScanner2\KeyFinder.cpp(4811,22): warning C4244: 'argument': conversion from 'double' to 'int', possible loss of data
C:\crypto\code\repos\KeyScanner2\KeyScanner2\KeyFinder.cpp(4836,22): warning C4244: 'argument': conversion from 'double' to 'int', possible loss of data
C:\crypto\code\repos\KeyScanner2\KeyScanner2\KeyFinder.cpp(4845,22): warning C4244: 'argument': conversion from 'double' to 'int', possible loss of data
C:\crypto\code\repos\KeyScanner2\KeyScanner2\KeyFinder.cpp(4861,22): warning C4244: 'argument': conversion from 'double' to 'int', possible loss of data
C:\crypto\code\repos\KeyScanner2\KeyScanner2\KeyFinder.cpp(4876,22): warning C4244: 'argument': conversion from 'double' to 'int', possible loss of data
C:\crypto\code\repos\KeyScanner2\KeyScanner2\KeyFinder.cpp(4896,22): warning C4244: 'argument': conversion from 'double' to 'int', possible loss of data
C:\crypto\code\repos\KeyScanner2\KeyScanner2\KeyFinder.cpp(4906,22): warning C4244: 'argument': conversion from 'double' to 'int', possible loss of data
C:\crypto\code\repos\KeyScanner2\KeyScanner2\KeyFinder.cpp(4921,22): warning C4244: 'argument': conversion from 'double' to 'int', possible loss of data
C:\crypto\code\repos\KeyScanner2\KeyScanner2\KeyFinder.cpp(4936,22): warning C4244: 'argument': conversion from 'double' to 'int', possible loss of data
  Main.cpp
C:\crypto\code\repos\KeyScanner2\KeyScanner2\GPURand.h(135,1): warning C4267: 'initializing': conversion from 'size_t' to 'int', possible loss of data
C:\crypto\code\repos\KeyScanner2\KeyScanner2\GPURand.h(271,11): warning C4244: 'return': conversion from 'uint64_t' to 'int', possible loss of data
C:\crypto\code\repos\KeyScanner2\KeyScanner2\GPURand.h(275,1): warning C4267: 'return': conversion from 'size_t' to 'int', possible loss of data
C:\crypto\code\repos\KeyScanner2\KeyScanner2\GPURand.h(471,37): warning C4244: 'argument': conversion from 'uint64_t' to 'int', possible loss of data
C:\crypto\code\repos\KeyScanner2\KeyScanner2\GPURand.h(494,25): warning C4244: 'argument': conversion from 'uint64_t' to 'int', possible loss of data
C:\crypto\code\repos\KeyScanner2\KeyScanner2\GPURand.h(538,37): warning C4244: 'argument': conversion from 'uint64_t' to 'int', possible loss of data
C:\crypto\code\repos\KeyScanner2\KeyScanner2\GPURand.h(559,25): warning C4244: 'argument': conversion from 'uint64_t' to 'int', possible loss of data
C:\crypto\code\repos\KeyScanner2\KeyScanner2\GPURand.h(600,1): warning C4267: 'initializing': conversion from 'size_t' to 'int', possible loss of data
C:\crypto\code\repos\KeyScanner2\KeyScanner2\Main.cpp(349,23): warning C4244: '=': conversion from 'unsigned __int64' to 'int', possible loss of data
C:\crypto\code\repos\KeyScanner2\KeyScanner2\Main.cpp(352,22): warning C4244: '=': conversion from 'unsigned __int64' to 'int', possible loss of data
C:\crypto\code\repos\KeyScanner2\KeyScanner2\Main.cpp(355,26): warning C4244: '=': conversion from 'unsigned __int64' to 'int', possible loss of data
  OpenSSLRNG.cpp
  Point.cpp
  Random.cpp
  SECP256K1.cpp
  Generating Code...
  Compiling...
  Timer.cpp
  Generating Code...
gmp.lib(invert_limb_table.obj) : warning LNK4078: multiple '.rdata' sections found with different attributes (C0400040)
     Creating library C:\crypto\code\repos\KeyScanner2\x64\Release-With-Debug\KeyScanner.lib and object C:\crypto\code\repos\KeyScanner2\x64\Release-With-Debug\KeyScanner.exp
LINK : warning LNK4098: defaultlib 'LIBCMT' conflicts with use of other libs; use /NODEFAULTLIB:library
  KeyScanner2.vcxproj -> C:\crypto\code\repos\KeyScanner2\x64\Release-With-Debug\KeyScanner.exe
