c:\crypto\code\bitcrack2022\keystepper\keystepper\x64\release\util.obj
c:\crypto\code\bitcrack2022\keystepper\keystepper\x64\release\smurfbutt.obj
c:\crypto\code\bitcrack2022\keystepper\keystepper\x64\release\secp256k1.obj
c:\crypto\code\bitcrack2022\keystepper\keystepper\x64\release\main.obj
c:\crypto\code\bitcrack2022\keystepper\keystepper\x64\release\logger.obj
c:\crypto\code\bitcrack2022\keystepper\keystepper\x64\release\keyfinder.obj
c:\crypto\code\bitcrack2022\keystepper\keystepper\x64\release\devicemanager.obj
c:\crypto\code\bitcrack2022\keystepper\keystepper\x64\release\configfile.obj
c:\crypto\code\bitcrack2022\keystepper\keystepper\x64\release\cudautil.obj
c:\crypto\code\bitcrack2022\keystepper\keystepper\x64\release\cudahelper.obj
c:\crypto\code\bitcrack2022\keystepper\keystepper\x64\release\cudarand.obj
c:\crypto\code\bitcrack2022\keystepper\keystepper\x64\release\cudakeysearchdevice.obj
c:\crypto\code\bitcrack2022\keystepper\keystepper\x64\release\sha256.obj
c:\crypto\code\bitcrack2022\keystepper\keystepper\x64\release\rng.obj
c:\crypto\code\bitcrack2022\keystepper\keystepper\x64\release\ripemd160.obj
c:\crypto\code\bitcrack2022\keystepper\keystepper\x64\release\hash.obj
c:\crypto\code\bitcrack2022\keystepper\keystepper\x64\release\checksum.obj
c:\crypto\code\bitcrack2022\keystepper\keystepper\x64\release\cmdparse.obj
c:\crypto\code\bitcrack2022\keystepper\keystepper\x64\release\base58.obj
x64\release\cudaatomiclist.cu.obj
x64\release\cudabridge.cu.obj
x64\release\cudadevicekeys.cu.obj
x64\release\cudahashlookup.cu.obj
x64\release\cudakeysearchdevice.cu.obj
c:\crypto\code\bitcrack2022\keystepper\x64\release\keystepper2.lib
c:\crypto\code\bitcrack2022\keystepper\x64\release\keystepper2.exp
c:\crypto\code\bitcrack2022\keystepper\x64\release\keystepper2.exe
c:\crypto\code\bitcrack2022\keystepper\keystepper\x64\release\keystepper2.ipdb
c:\crypto\code\bitcrack2022\keystepper\keystepper\x64\release\keystepper2.iobj
c:\crypto\code\bitcrack2022\keystepper\x64\release\keystepper2.pdb
c:\crypto\code\bitcrack2022\keystepper\keystepper\x64\release\cudaatomiclist.cu.cache
c:\crypto\code\bitcrack2022\keystepper\keystepper\x64\release\cudabridge.cu.cache
c:\crypto\code\bitcrack2022\keystepper\keystepper\x64\release\cudadevicekeys.cu.cache
c:\crypto\code\bitcrack2022\keystepper\keystepper\x64\release\cudahashlookup.cu.cache
c:\crypto\code\bitcrack2022\keystepper\keystepper\x64\release\cudakeysearchdevice.cu.cache
c:\crypto\code\bitcrack2022\keystepper\keystepper\x64\release\cudaatomiclist.cu.obj
c:\crypto\code\bitcrack2022\keystepper\keystepper\x64\release\cudabridge.cu.obj
c:\crypto\code\bitcrack2022\keystepper\keystepper\x64\release\cudadevicekeys.cu.obj
c:\crypto\code\bitcrack2022\keystepper\keystepper\x64\release\cudahashlookup.cu.obj
c:\crypto\code\bitcrack2022\keystepper\keystepper\x64\release\cudakeysearchdevice.cu.obj
c:\crypto\code\bitcrack2022\keystepper\keystepper\x64\release\keystepper2.device-link.obj
c:\crypto\code\bitcrack2022\keystepper\keystepper\x64\release\vc142.pdb
c:\crypto\code\bitcrack2022\keystepper\keystepper\x64\release\keystepper.tlog\cl.command.1.tlog
c:\crypto\code\bitcrack2022\keystepper\keystepper\x64\release\keystepper.tlog\cl.read.1.tlog
c:\crypto\code\bitcrack2022\keystepper\keystepper\x64\release\keystepper.tlog\cl.write.1.tlog
c:\crypto\code\bitcrack2022\keystepper\keystepper\x64\release\keystepper.tlog\cudacompile.read.1u.tlog
c:\crypto\code\bitcrack2022\keystepper\keystepper\x64\release\keystepper.tlog\cudacompile.write.1u.tlog
c:\crypto\code\bitcrack2022\keystepper\keystepper\x64\release\keystepper.tlog\keystepper.write.1u.tlog
c:\crypto\code\bitcrack2022\keystepper\keystepper\x64\release\keystepper.tlog\link.command.1.tlog
c:\crypto\code\bitcrack2022\keystepper\keystepper\x64\release\keystepper.tlog\link.read.1.tlog
c:\crypto\code\bitcrack2022\keystepper\keystepper\x64\release\keystepper.tlog\link.write.1.tlog
