c:\crypto\code\repos\keyscanner2\keyscanner2\x64\release\vc142.pdb
c:\crypto\code\repos\keyscanner2\keyscanner2\x64\release\secp256k1.obj
c:\crypto\code\repos\keyscanner2\keyscanner2\x64\release\random.obj
c:\crypto\code\repos\keyscanner2\keyscanner2\x64\release\point.obj
c:\crypto\code\repos\keyscanner2\keyscanner2\x64\release\opensslrng.obj
c:\crypto\code\repos\keyscanner2\keyscanner2\x64\release\main.obj
c:\crypto\code\repos\keyscanner2\keyscanner2\x64\release\keyfinder.obj
c:\crypto\code\repos\keyscanner2\keyscanner2\x64\release\intmod.obj
c:\crypto\code\repos\keyscanner2\keyscanner2\x64\release\intgroup.obj
c:\crypto\code\repos\keyscanner2\keyscanner2\x64\release\int.obj
c:\crypto\code\repos\keyscanner2\keyscanner2\x64\release\sha512.obj
c:\crypto\code\repos\keyscanner2\keyscanner2\x64\release\sha256_sse.obj
c:\crypto\code\repos\keyscanner2\keyscanner2\x64\release\sha256.obj
c:\crypto\code\repos\keyscanner2\keyscanner2\x64\release\ripemd160_sse.obj
c:\crypto\code\repos\keyscanner2\keyscanner2\x64\release\ripemd160.obj
c:\crypto\code\repos\keyscanner2\keyscanner2\x64\release\keccak160.obj
c:\crypto\code\repos\keyscanner2\keyscanner2\x64\release\gpugenerate.obj
c:\crypto\code\repos\keyscanner2\keyscanner2\x64\release\gmputil.obj
c:\crypto\code\repos\keyscanner2\keyscanner2\x64\release\cmdparse.obj
c:\crypto\code\repos\keyscanner2\keyscanner2\x64\release\bloom.obj
c:\crypto\code\repos\keyscanner2\keyscanner2\x64\release\base58.obj
c:\crypto\code\repos\keyscanner2\keyscanner2\x64\release\timer.obj
x64\release\gpurand.cu.obj
x64\release\gpuengine.cu.obj
c:\crypto\code\repos\keyscanner2\x64\release\keyscanner.lib
c:\crypto\code\repos\keyscanner2\x64\release\keyscanner.exp
c:\crypto\code\repos\keyscanner2\x64\release\keyscanner.exe
c:\crypto\code\repos\keyscanner2\keyscanner2\x64\release\keyscanner.ipdb
c:\crypto\code\repos\keyscanner2\keyscanner2\x64\release\keyscanner.iobj
c:\crypto\code\repos\keyscanner2\x64\release\keyscanner.pdb
c:\crypto\code\repos\keyscanner2\keyscanner2\x64\release\gpuengine.cu.cache
c:\crypto\code\repos\keyscanner2\keyscanner2\x64\release\gpurand.cu.cache
c:\crypto\code\repos\keyscanner2\keyscanner2\x64\release\gpuengine.cu.obj
c:\crypto\code\repos\keyscanner2\keyscanner2\x64\release\gpurand.cu.obj
c:\crypto\code\repos\keyscanner2\keyscanner2\x64\release\keyscanner.tlog\cl.command.1.tlog
c:\crypto\code\repos\keyscanner2\keyscanner2\x64\release\keyscanner.tlog\cl.read.1.tlog
c:\crypto\code\repos\keyscanner2\keyscanner2\x64\release\keyscanner.tlog\cl.write.1.tlog
c:\crypto\code\repos\keyscanner2\keyscanner2\x64\release\keyscanner.tlog\cudacompile.read.1u.tlog
c:\crypto\code\repos\keyscanner2\keyscanner2\x64\release\keyscanner.tlog\cudacompile.write.1u.tlog
c:\crypto\code\repos\keyscanner2\keyscanner2\x64\release\keyscanner.tlog\keyscanner.write.1u.tlog
c:\crypto\code\repos\keyscanner2\keyscanner2\x64\release\keyscanner.tlog\link.command.1.tlog
c:\crypto\code\repos\keyscanner2\keyscanner2\x64\release\keyscanner.tlog\link.read.1.tlog
c:\crypto\code\repos\keyscanner2\keyscanner2\x64\release\keyscanner.tlog\link.write.1.tlog
