C:\Program Files (x86)\Microsoft Visual Studio\2019\Professional\MSBuild\Microsoft\VC\v160\Microsoft.CppBuild.targets(513,5): warning MSB8028: The intermediate directory (x64\Debug\) contains files shared from another project (KeyScanner2.vcxproj).  This can lead to incorrect clean and rebuild behavior.
  Compiling CUDA source file GPU\GPUEngine.cu...
  Compiling CUDA source file GPURand.cu...
  
  C:\crypto\code\repos\KeyScanner\src>"C:\Program Files\NVIDIA GPU Computing Toolkit\CUDA\v10.2\bin\nvcc.exe" -gencode=arch=compute_30,code=\"sm_30,compute_30\" --use-local-env -ccbin "C:\Program Files (x86)\Microsoft Visual Studio\2019\Professional\VC\Tools\MSVC\14.29.30133\bin\HostX86\x64" -x cu  -I"C:\crypto\code\lib\0.98k\openssl-0.9.8k_X64\include" -IC:\crypto\code\btc.current\secp256k1\include -IC:\crypto\code\repos\KeyScanner\msvc\gmp\include -I"C:\Program Files\NVIDIA GPU Computing Toolkit\CUDA\v10.2\include" -I"C:\crypto\code\vcpkg\scripts\buildsystems\msbuild\..\..\..\installed\x64-windows\include" -I"C:\Program Files\NVIDIA GPU Computing Toolkit\CUDA\v10.2\include"  -G   --keep-dir x64\Debug -maxrregcount=0  --machine 64 --compile -cudart static  -g   -DWIN32 -DWIN64 -D_DEBUG -D_CONSOLE -DWITHGPU -D_CRT_SECURE_NO_WARNINGS -D_MBCS -Xcompiler "/EHsc /W3 /nologo /Od /Fdx64\Debug\vc142.pdb /FS /Zi /RTC1 /MDd " -o x64\Debug\GPUEngine.cu.obj "C:\crypto\code\repos\KeyScanner\src\GPU\GPUEngine.cu" 
  
  C:\crypto\code\repos\KeyScanner\src>"C:\Program Files\NVIDIA GPU Computing Toolkit\CUDA\v10.2\bin\nvcc.exe" -gencode=arch=compute_30,code=\"sm_30,compute_30\" --use-local-env -ccbin "C:\Program Files (x86)\Microsoft Visual Studio\2019\Professional\VC\Tools\MSVC\14.29.30133\bin\HostX86\x64" -x cu  -I"C:\crypto\code\lib\0.98k\openssl-0.9.8k_X64\include" -IC:\crypto\code\btc.current\secp256k1\include -IC:\crypto\code\repos\KeyScanner\msvc\gmp\include -I"C:\Program Files\NVIDIA GPU Computing Toolkit\CUDA\v10.2\include" -I"C:\crypto\code\vcpkg\scripts\buildsystems\msbuild\..\..\..\installed\x64-windows\include" -I"C:\Program Files\NVIDIA GPU Computing Toolkit\CUDA\v10.2\include"  -G   --keep-dir x64\Debug -maxrregcount=0  --machine 64 --compile -cudart static  -g   -DWIN32 -DWIN64 -D_DEBUG -D_CONSOLE -DWITHGPU -D_CRT_SECURE_NO_WARNINGS -D_MBCS -Xcompiler "/EHsc /W3 /nologo /Od /Fdx64\Debug\vc142.pdb /FS /Zi /RTC1 /MDd " -o x64\Debug\GPURand.cu.obj "C:\crypto\code\repos\KeyScanner\src\GPURand.cu" 
C:/crypto/code/repos/KeyScanner/src/GPU/GPUEngine.cu(853): warning : variable "pubkey" was declared but never referenced
  
C:\Program Files\NVIDIA GPU Computing Toolkit\CUDA\v10.2\include\thrust/detail/allocator/allocator_traits.inl(270): warning : calling a __host__ function("std::_Iterator_base12::_Iterator_base12") from a __host__ __device__ function("std::_Iterator_base12::_Iterator_base12 [subobject]") is not allowed
  
C:\Program Files\NVIDIA GPU Computing Toolkit\CUDA\v10.2\include\thrust/detail/allocator/allocator_traits.inl(270): warning : calling a __host__ function("std::_Iterator_base12::~_Iterator_base12") from a __host__ __device__ function("std::_Iterator_base12::~_Iterator_base12 [subobject]") is not allowed
  
  GPUEngine.cu
  device_functions.h is an internal header file and must not be used directly.  This file will be removed in a future CUDA release.  Please use cuda_runtime_api.h or cuda_runtime.h instead.
C:/crypto/code/repos/KeyScanner/src/GPU/GPUEngine.cu(508): warning C4244: 'argument': conversion from 'uint64_t' to 'int', possible loss of data
C:/crypto/code/repos/KeyScanner/src/GPU/GPUEngine.cu(512): warning C4244: 'argument': conversion from 'uint64_t' to 'int', possible loss of data
C:/crypto/code/repos/KeyScanner/src/GPU/GPUEngine.cu(517): warning C4244: 'argument': conversion from 'uint64_t' to 'int', possible loss of data
C:/crypto/code/repos/KeyScanner/src/GPU/GPUEngine.cu(540): warning C4244: 'argument': conversion from 'uint64_t' to 'int', possible loss of data
  GPURand.cu
C:\crypto\code\repos\KeyScanner\src\GPURand.h(135): warning C4267: 'initializing': conversion from 'size_t' to 'int', possible loss of data
C:\crypto\code\repos\KeyScanner\src\GPURand.h(271): warning C4244: 'return': conversion from 'uint64_t' to 'int', possible loss of data
C:\crypto\code\repos\KeyScanner\src\GPURand.h(275): warning C4267: 'return': conversion from 'size_t' to 'int', possible loss of data
C:\crypto\code\repos\KeyScanner\src\GPURand.h(471): warning C4244: 'argument': conversion from 'uint64_t' to 'int', possible loss of data
C:\crypto\code\repos\KeyScanner\src\GPURand.h(494): warning C4244: 'argument': conversion from 'uint64_t' to 'int', possible loss of data
C:\crypto\code\repos\KeyScanner\src\GPURand.h(538): warning C4244: 'argument': conversion from 'uint64_t' to 'int', possible loss of data
C:\crypto\code\repos\KeyScanner\src\GPURand.h(559): warning C4244: 'argument': conversion from 'uint64_t' to 'int', possible loss of data
C:\crypto\code\repos\KeyScanner\src\GPURand.h(600): warning C4267: 'initializing': conversion from 'size_t' to 'int', possible loss of data
C:/crypto/code/repos/KeyScanner/src/GPURand.cu(36): warning C4018: '<': signed/unsigned mismatch
C:/crypto/code/repos/KeyScanner/src/GPURand.cu(40): warning C4244: 'argument': conversion from 'uint64_t' to 'unsigned int', possible loss of data
C:/crypto/code/repos/KeyScanner/src/GPURand.cu(92): warning C4244: 'argument': conversion from 'time_t' to 'unsigned int', possible loss of data
cl : command line warning D9002: ignoring unknown option '/arch:SSE'
  Base58.cpp
  Bloom.cpp
C:\crypto\code\repos\KeyScanner\src\Bloom.cpp(81,21): warning C4244: 'initializing': conversion from 'unsigned __int64' to 'unsigned int', possible loss of data
  CmdParse.cpp
C:\crypto\code\repos\KeyScanner\src\GPURand.h(135,1): warning C4267: 'initializing': conversion from 'size_t' to 'int', possible loss of data
C:\crypto\code\repos\KeyScanner\src\GPURand.h(271,11): warning C4244: 'return': conversion from 'uint64_t' to 'int', possible loss of data
C:\crypto\code\repos\KeyScanner\src\GPURand.h(275,1): warning C4267: 'return': conversion from 'size_t' to 'int', possible loss of data
C:\crypto\code\repos\KeyScanner\src\GPURand.h(471,37): warning C4244: 'argument': conversion from 'uint64_t' to 'int', possible loss of data
C:\crypto\code\repos\KeyScanner\src\GPURand.h(494,25): warning C4244: 'argument': conversion from 'uint64_t' to 'int', possible loss of data
C:\crypto\code\repos\KeyScanner\src\GPURand.h(538,37): warning C4244: 'argument': conversion from 'uint64_t' to 'int', possible loss of data
C:\crypto\code\repos\KeyScanner\src\GPURand.h(559,25): warning C4244: 'argument': conversion from 'uint64_t' to 'int', possible loss of data
C:\crypto\code\repos\KeyScanner\src\GPURand.h(600,1): warning C4267: 'initializing': conversion from 'size_t' to 'int', possible loss of data
  GmpUtil.cpp
C:\crypto\code\repos\KeyScanner\msvc\gmp\include\gmp.h(1795,19): warning C4244: 'return': conversion from 'mp_limb_t' to 'unsigned long', possible loss of data
C:\crypto\code\repos\KeyScanner\msvc\gmp\include\gmpxx.h(101,26): warning C4146: unary minus operator applied to unsigned type, result still unsigned
C:\crypto\code\repos\KeyScanner\msvc\gmp\include\gmpxx.h(155,6): warning C4146: unary minus operator applied to unsigned type, result still unsigned
C:\crypto\code\repos\KeyScanner\msvc\gmp\include\gmpxx.h(206,24): warning C4146: unary minus operator applied to unsigned type, result still unsigned
C:\crypto\code\repos\KeyScanner\msvc\gmp\include\gmpxx.h(278,24): warning C4146: unary minus operator applied to unsigned type, result still unsigned
C:\crypto\code\repos\KeyScanner\msvc\gmp\include\gmpxx.h(322,24): warning C4146: unary minus operator applied to unsigned type, result still unsigned
C:\crypto\code\repos\KeyScanner\msvc\gmp\include\gmpxx.h(330,26): warning C4146: unary minus operator applied to unsigned type, result still unsigned
C:\crypto\code\repos\KeyScanner\msvc\gmp\include\gmpxx.h(372,37): warning C4146: unary minus operator applied to unsigned type, result still unsigned
C:\crypto\code\repos\KeyScanner\msvc\gmp\include\gmpxx.h(407,24): warning C4146: unary minus operator applied to unsigned type, result still unsigned
C:\crypto\code\repos\KeyScanner\msvc\gmp\include\gmpxx.h(414,24): warning C4146: unary minus operator applied to unsigned type, result still unsigned
C:\crypto\code\repos\KeyScanner\msvc\gmp\include\gmpxx.h(442,36): warning C4146: unary minus operator applied to unsigned type, result still unsigned
C:\crypto\code\repos\KeyScanner\msvc\gmp\include\gmpxx.h(525,20): warning C4146: unary minus operator applied to unsigned type, result still unsigned
C:\crypto\code\repos\KeyScanner\msvc\gmp\include\gmpxx.h(570,20): warning C4146: unary minus operator applied to unsigned type, result still unsigned
C:\crypto\code\repos\KeyScanner\msvc\gmp\include\gmpxx.h(599,19): warning C4146: unary minus operator applied to unsigned type, result still unsigned
C:\crypto\code\repos\KeyScanner\msvc\gmp\include\gmpxx.h(667,13): warning C4146: unary minus operator applied to unsigned type, result still unsigned
C:\crypto\code\repos\KeyScanner\msvc\gmp\include\gmpxx.h(720,20): warning C4146: unary minus operator applied to unsigned type, result still unsigned
C:\crypto\code\repos\KeyScanner\msvc\gmp\include\gmpxx.h(764,19): warning C4146: unary minus operator applied to unsigned type, result still unsigned
C:\crypto\code\repos\KeyScanner\msvc\gmp\include\gmpxx.h(774,16): warning C4146: unary minus operator applied to unsigned type, result still unsigned
C:\crypto\code\repos\KeyScanner\msvc\gmp\include\gmpxx.h(1292,10): warning C4146: unary minus operator applied to unsigned type, result still unsigned
C:\crypto\code\repos\KeyScanner\msvc\gmp\include\gmpxx.h(1593,12): warning C4146: unary minus operator applied to unsigned type, result still unsigned
C:\crypto\code\repos\KeyScanner\msvc\gmp\include\gmpxx.h(1617,10): warning C4146: unary minus operator applied to unsigned type, result still unsigned
  GPUGenerate.cpp
  keccak160.cpp
  ripemd160.cpp
  ripemd160_sse.cpp
  sha256.cpp
  sha256_sse.cpp
  sha512.cpp
  Int.cpp
C:\crypto\code\repos\KeyScanner\src\Int.cpp(976,29): warning C4267: 'return': conversion from 'size_t' to 'int', possible loss of data
C:\crypto\code\repos\KeyScanner\src\Int.cpp(1178,44): warning C4267: 'initializing': conversion from 'size_t' to 'int', possible loss of data
C:\crypto\code\repos\KeyScanner\src\Int.cpp(1207,83): warning C4267: '=': conversion from 'size_t' to 'int', possible loss of data
C:\crypto\code\repos\KeyScanner\src\Int.cpp(1261,44): warning C4267: 'initializing': conversion from 'size_t' to 'int', possible loss of data
  IntGroup.cpp
  IntMod.cpp
  KeyFinder.cpp
C:\crypto\code\repos\KeyScanner\src\GPURand.h(135,1): warning C4267: 'initializing': conversion from 'size_t' to 'int', possible loss of data
C:\crypto\code\repos\KeyScanner\src\GPURand.h(271,11): warning C4244: 'return': conversion from 'uint64_t' to 'int', possible loss of data
C:\crypto\code\repos\KeyScanner\src\GPURand.h(275,1): warning C4267: 'return': conversion from 'size_t' to 'int', possible loss of data
C:\crypto\code\repos\KeyScanner\src\GPURand.h(471,37): warning C4244: 'argument': conversion from 'uint64_t' to 'int', possible loss of data
C:\crypto\code\repos\KeyScanner\src\GPURand.h(494,25): warning C4244: 'argument': conversion from 'uint64_t' to 'int', possible loss of data
C:\crypto\code\repos\KeyScanner\src\GPURand.h(538,37): warning C4244: 'argument': conversion from 'uint64_t' to 'int', possible loss of data
C:\crypto\code\repos\KeyScanner\src\GPURand.h(559,25): warning C4244: 'argument': conversion from 'uint64_t' to 'int', possible loss of data
C:\crypto\code\repos\KeyScanner\src\GPURand.h(600,1): warning C4267: 'initializing': conversion from 'size_t' to 'int', possible loss of data
C:\crypto\code\repos\KeyScanner\src\sha256.cpp(120,61): warning C4267: 'argument': conversion from 'size_t' to 'unsigned int', possible loss of data
C:\crypto\code\repos\KeyScanner\src\KeyFinder.cpp(727,16): warning C4244: 'argument': conversion from 'time_t' to 'unsigned int', possible loss of data
C:\crypto\code\repos\KeyScanner\src\KeyFinder.cpp(1246,39): warning C4267: 'initializing': conversion from 'size_t' to 'int', possible loss of data
C:\crypto\code\repos\KeyScanner\src\KeyFinder.cpp(1298,39): warning C4267: 'initializing': conversion from 'size_t' to 'int', possible loss of data
C:\crypto\code\repos\KeyScanner\src\KeyFinder.cpp(1350,38): warning C4267: 'initializing': conversion from 'size_t' to 'int', possible loss of data
C:\crypto\code\repos\KeyScanner\src\KeyFinder.cpp(1356,20): warning C4244: 'initializing': conversion from '_Rep' to 'uint32_t', possible loss of data
          with
          [
              _Rep=__int64
          ]
C:\crypto\code\repos\KeyScanner\src\KeyFinder.cpp(1376,39): warning C4267: 'initializing': conversion from 'size_t' to 'int', possible loss of data
C:\crypto\code\repos\KeyScanner\src\KeyFinder.cpp(1425,38): warning C4267: 'initializing': conversion from 'size_t' to 'int', possible loss of data
C:\crypto\code\repos\KeyScanner\src\KeyFinder.cpp(1432,20): warning C4244: 'initializing': conversion from '_Rep' to 'uint32_t', possible loss of data
          with
          [
              _Rep=__int64
          ]
C:\crypto\code\repos\KeyScanner\src\KeyFinder.cpp(1449,39): warning C4267: 'initializing': conversion from 'size_t' to 'int', possible loss of data
C:\crypto\code\repos\KeyScanner\src\KeyFinder.cpp(1551,39): warning C4267: 'initializing': conversion from 'size_t' to 'int', possible loss of data
C:\crypto\code\repos\KeyScanner\src\KeyFinder.cpp(1610,39): warning C4267: 'initializing': conversion from 'size_t' to 'int', possible loss of data
C:\crypto\code\repos\KeyScanner\src\KeyFinder.cpp(1663,38): warning C4267: 'initializing': conversion from 'size_t' to 'int', possible loss of data
C:\crypto\code\repos\KeyScanner\src\KeyFinder.cpp(1692,39): warning C4267: 'initializing': conversion from 'size_t' to 'int', possible loss of data
C:\crypto\code\repos\KeyScanner\src\KeyFinder.cpp(1743,38): warning C4267: 'initializing': conversion from 'size_t' to 'int', possible loss of data
C:\crypto\code\repos\KeyScanner\src\KeyFinder.cpp(1772,39): warning C4267: 'initializing': conversion from 'size_t' to 'int', possible loss of data
C:\crypto\code\repos\KeyScanner\src\KeyFinder.cpp(2018,17): warning C4244: 'argument': conversion from 'time_t' to 'unsigned int', possible loss of data
C:\crypto\code\repos\KeyScanner\src\KeyFinder.cpp(2513,57): warning C4267: 'initializing': conversion from 'size_t' to 'int', possible loss of data
C:\crypto\code\repos\KeyScanner\src\KeyFinder.cpp(3347,16): warning C4244: 'argument': conversion from 'double' to 'uint64_t', possible loss of data
C:\crypto\code\repos\KeyScanner\src\KeyFinder.cpp(3356,23): warning C4244: '=': conversion from 'double' to 'unsigned __int64', possible loss of data
C:\crypto\code\repos\KeyScanner\src\KeyFinder.cpp(3366,15): warning C4244: 'argument': conversion from 'double' to 'uint64_t', possible loss of data
C:\crypto\code\repos\KeyScanner\src\KeyFinder.cpp(3375,22): warning C4244: '=': conversion from 'double' to 'unsigned __int64', possible loss of data
C:\crypto\code\repos\KeyScanner\src\KeyFinder.cpp(3387,14): warning C4244: 'argument': conversion from 'double' to 'uint64_t', possible loss of data
C:\crypto\code\repos\KeyScanner\src\KeyFinder.cpp(3399,16): warning C4244: 'argument': conversion from 'double' to 'uint64_t', possible loss of data
C:\crypto\code\repos\KeyScanner\src\KeyFinder.cpp(3408,23): warning C4244: '=': conversion from 'double' to 'unsigned __int64', possible loss of data
C:\crypto\code\repos\KeyScanner\src\KeyFinder.cpp(3418,15): warning C4244: 'argument': conversion from 'double' to 'uint64_t', possible loss of data
C:\crypto\code\repos\KeyScanner\src\KeyFinder.cpp(3427,22): warning C4244: '=': conversion from 'double' to 'unsigned __int64', possible loss of data
C:\crypto\code\repos\KeyScanner\src\KeyFinder.cpp(3439,14): warning C4244: 'argument': conversion from 'double' to 'uint64_t', possible loss of data
C:\crypto\code\repos\KeyScanner\src\KeyFinder.cpp(3459,21): warning C4244: 'argument': conversion from 'double' to 'int', possible loss of data
C:\crypto\code\repos\KeyScanner\src\KeyFinder.cpp(3469,21): warning C4244: 'argument': conversion from 'double' to 'int', possible loss of data
C:\crypto\code\repos\KeyScanner\src\KeyFinder.cpp(3486,21): warning C4244: 'argument': conversion from 'double' to 'int', possible loss of data
C:\crypto\code\repos\KeyScanner\src\KeyFinder.cpp(3499,21): warning C4244: 'argument': conversion from 'double' to 'int', possible loss of data
C:\crypto\code\repos\KeyScanner\src\KeyFinder.cpp(3517,21): warning C4244: 'argument': conversion from 'double' to 'int', possible loss of data
C:\crypto\code\repos\KeyScanner\src\KeyFinder.cpp(3528,21): warning C4244: 'argument': conversion from 'double' to 'int', possible loss of data
C:\crypto\code\repos\KeyScanner\src\KeyFinder.cpp(3544,21): warning C4244: 'argument': conversion from 'double' to 'int', possible loss of data
C:\crypto\code\repos\KeyScanner\src\KeyFinder.cpp(3557,21): warning C4244: 'argument': conversion from 'double' to 'int', possible loss of data
C:\crypto\code\repos\KeyScanner\src\KeyFinder.cpp(3582,22): warning C4244: 'argument': conversion from 'double' to 'int', possible loss of data
C:\crypto\code\repos\KeyScanner\src\KeyFinder.cpp(3592,22): warning C4244: 'argument': conversion from 'double' to 'int', possible loss of data
C:\crypto\code\repos\KeyScanner\src\KeyFinder.cpp(3609,22): warning C4244: 'argument': conversion from 'double' to 'int', possible loss of data
C:\crypto\code\repos\KeyScanner\src\KeyFinder.cpp(3622,22): warning C4244: 'argument': conversion from 'double' to 'int', possible loss of data
C:\crypto\code\repos\KeyScanner\src\KeyFinder.cpp(3640,22): warning C4244: 'argument': conversion from 'double' to 'int', possible loss of data
C:\crypto\code\repos\KeyScanner\src\KeyFinder.cpp(3651,22): warning C4244: 'argument': conversion from 'double' to 'int', possible loss of data
C:\crypto\code\repos\KeyScanner\src\KeyFinder.cpp(3667,22): warning C4244: 'argument': conversion from 'double' to 'int', possible loss of data
C:\crypto\code\repos\KeyScanner\src\KeyFinder.cpp(3680,22): warning C4244: 'argument': conversion from 'double' to 'int', possible loss of data
C:\crypto\code\repos\KeyScanner\src\KeyFinder.cpp(3702,22): warning C4244: 'argument': conversion from 'double' to 'int', possible loss of data
C:\crypto\code\repos\KeyScanner\src\KeyFinder.cpp(3712,22): warning C4244: 'argument': conversion from 'double' to 'int', possible loss of data
C:\crypto\code\repos\KeyScanner\src\KeyFinder.cpp(3729,22): warning C4244: 'argument': conversion from 'double' to 'int', possible loss of data
C:\crypto\code\repos\KeyScanner\src\KeyFinder.cpp(3728,18): warning C4477: 'printf' : format string '%lf' requires an argument of type 'double', but variadic argument 4 has type 'unsigned __int64'
C:\crypto\code\repos\KeyScanner\src\KeyFinder.cpp(3728,18): warning C4477: 'printf' : format string '%.2f' requires an argument of type 'double', but variadic argument 5 has type 'unsigned __int64'
C:\crypto\code\repos\KeyScanner\src\KeyFinder.cpp(3728,18): warning C4477: 'printf' : format string '%s' requires an argument of type 'char *', but variadic argument 6 has type 'unsigned __int64'
C:\crypto\code\repos\KeyScanner\src\KeyFinder.cpp(3735,12): warning C4474: 'printf' : too many arguments passed for format string
C:\crypto\code\repos\KeyScanner\src\KeyFinder.cpp(3735,12): message : placeholders and their parameters expect 6 variadic arguments, but 9 were provided
C:\crypto\code\repos\KeyScanner\src\KeyFinder.cpp(3745,22): warning C4244: 'argument': conversion from 'double' to 'int', possible loss of data
C:\crypto\code\repos\KeyScanner\src\KeyFinder.cpp(3763,22): warning C4244: 'argument': conversion from 'double' to 'int', possible loss of data
C:\crypto\code\repos\KeyScanner\src\KeyFinder.cpp(3774,22): warning C4244: 'argument': conversion from 'double' to 'int', possible loss of data
C:\crypto\code\repos\KeyScanner\src\KeyFinder.cpp(3790,22): warning C4244: 'argument': conversion from 'double' to 'int', possible loss of data
C:\crypto\code\repos\KeyScanner\src\KeyFinder.cpp(3803,22): warning C4244: 'argument': conversion from 'double' to 'int', possible loss of data
C:\crypto\code\repos\KeyScanner\src\KeyFinder.cpp(3830,21): warning C4244: 'argument': conversion from 'double' to 'int', possible loss of data
C:\crypto\code\repos\KeyScanner\src\KeyFinder.cpp(3839,21): warning C4244: 'argument': conversion from 'double' to 'int', possible loss of data
C:\crypto\code\repos\KeyScanner\src\KeyFinder.cpp(3855,21): warning C4244: 'argument': conversion from 'double' to 'int', possible loss of data
C:\crypto\code\repos\KeyScanner\src\KeyFinder.cpp(3867,21): warning C4244: 'argument': conversion from 'double' to 'int', possible loss of data
C:\crypto\code\repos\KeyScanner\src\KeyFinder.cpp(3884,21): warning C4244: 'argument': conversion from 'double' to 'int', possible loss of data
C:\crypto\code\repos\KeyScanner\src\KeyFinder.cpp(3894,21): warning C4244: 'argument': conversion from 'double' to 'int', possible loss of data
C:\crypto\code\repos\KeyScanner\src\KeyFinder.cpp(3909,21): warning C4244: 'argument': conversion from 'double' to 'int', possible loss of data
C:\crypto\code\repos\KeyScanner\src\KeyFinder.cpp(3921,21): warning C4244: 'argument': conversion from 'double' to 'int', possible loss of data
C:\crypto\code\repos\KeyScanner\src\KeyFinder.cpp(3945,22): warning C4244: 'argument': conversion from 'double' to 'int', possible loss of data
C:\crypto\code\repos\KeyScanner\src\KeyFinder.cpp(3954,22): warning C4244: 'argument': conversion from 'double' to 'int', possible loss of data
C:\crypto\code\repos\KeyScanner\src\KeyFinder.cpp(3970,22): warning C4244: 'argument': conversion from 'double' to 'int', possible loss of data
C:\crypto\code\repos\KeyScanner\src\KeyFinder.cpp(3982,22): warning C4244: 'argument': conversion from 'double' to 'int', possible loss of data
C:\crypto\code\repos\KeyScanner\src\KeyFinder.cpp(3999,22): warning C4244: 'argument': conversion from 'double' to 'int', possible loss of data
C:\crypto\code\repos\KeyScanner\src\KeyFinder.cpp(4009,22): warning C4244: 'argument': conversion from 'double' to 'int', possible loss of data
C:\crypto\code\repos\KeyScanner\src\KeyFinder.cpp(4024,22): warning C4244: 'argument': conversion from 'double' to 'int', possible loss of data
C:\crypto\code\repos\KeyScanner\src\KeyFinder.cpp(4036,22): warning C4244: 'argument': conversion from 'double' to 'int', possible loss of data
C:\crypto\code\repos\KeyScanner\src\KeyFinder.cpp(4057,22): warning C4244: 'argument': conversion from 'double' to 'int', possible loss of data
C:\crypto\code\repos\KeyScanner\src\KeyFinder.cpp(4066,22): warning C4244: 'argument': conversion from 'double' to 'int', possible loss of data
C:\crypto\code\repos\KeyScanner\src\KeyFinder.cpp(4082,22): warning C4244: 'argument': conversion from 'double' to 'int', possible loss of data
C:\crypto\code\repos\KeyScanner\src\KeyFinder.cpp(4094,22): warning C4244: 'argument': conversion from 'double' to 'int', possible loss of data
C:\crypto\code\repos\KeyScanner\src\KeyFinder.cpp(4111,22): warning C4244: 'argument': conversion from 'double' to 'int', possible loss of data
C:\crypto\code\repos\KeyScanner\src\KeyFinder.cpp(4121,22): warning C4244: 'argument': conversion from 'double' to 'int', possible loss of data
C:\crypto\code\repos\KeyScanner\src\KeyFinder.cpp(4136,22): warning C4244: 'argument': conversion from 'double' to 'int', possible loss of data
C:\crypto\code\repos\KeyScanner\src\KeyFinder.cpp(4148,22): warning C4244: 'argument': conversion from 'double' to 'int', possible loss of data
C:\crypto\code\repos\KeyScanner\src\KeyFinder.cpp(4177,21): warning C4244: 'argument': conversion from 'double' to 'int', possible loss of data
C:\crypto\code\repos\KeyScanner\src\KeyFinder.cpp(4187,21): warning C4244: 'argument': conversion from 'double' to 'int', possible loss of data
C:\crypto\code\repos\KeyScanner\src\KeyFinder.cpp(4204,21): warning C4244: 'argument': conversion from 'double' to 'int', possible loss of data
C:\crypto\code\repos\KeyScanner\src\KeyFinder.cpp(4219,21): warning C4244: 'argument': conversion from 'double' to 'int', possible loss of data
C:\crypto\code\repos\KeyScanner\src\KeyFinder.cpp(4239,21): warning C4244: 'argument': conversion from 'double' to 'int', possible loss of data
C:\crypto\code\repos\KeyScanner\src\KeyFinder.cpp(4250,21): warning C4244: 'argument': conversion from 'double' to 'int', possible loss of data
C:\crypto\code\repos\KeyScanner\src\KeyFinder.cpp(4266,21): warning C4244: 'argument': conversion from 'double' to 'int', possible loss of data
C:\crypto\code\repos\KeyScanner\src\KeyFinder.cpp(4281,21): warning C4244: 'argument': conversion from 'double' to 'int', possible loss of data
C:\crypto\code\repos\KeyScanner\src\KeyFinder.cpp(4308,22): warning C4244: 'argument': conversion from 'double' to 'int', possible loss of data
C:\crypto\code\repos\KeyScanner\src\KeyFinder.cpp(4318,22): warning C4244: 'argument': conversion from 'double' to 'int', possible loss of data
C:\crypto\code\repos\KeyScanner\src\KeyFinder.cpp(4335,22): warning C4244: 'argument': conversion from 'double' to 'int', possible loss of data
C:\crypto\code\repos\KeyScanner\src\KeyFinder.cpp(4352,22): warning C4244: 'argument': conversion from 'double' to 'int', possible loss of data
C:\crypto\code\repos\KeyScanner\src\KeyFinder.cpp(4374,22): warning C4244: 'argument': conversion from 'double' to 'int', possible loss of data
C:\crypto\code\repos\KeyScanner\src\KeyFinder.cpp(4385,22): warning C4244: 'argument': conversion from 'double' to 'int', possible loss of data
C:\crypto\code\repos\KeyScanner\src\KeyFinder.cpp(4401,22): warning C4244: 'argument': conversion from 'double' to 'int', possible loss of data
C:\crypto\code\repos\KeyScanner\src\KeyFinder.cpp(4418,22): warning C4244: 'argument': conversion from 'double' to 'int', possible loss of data
C:\crypto\code\repos\KeyScanner\src\KeyFinder.cpp(4444,22): warning C4244: 'argument': conversion from 'double' to 'int', possible loss of data
C:\crypto\code\repos\KeyScanner\src\KeyFinder.cpp(4454,22): warning C4244: 'argument': conversion from 'double' to 'int', possible loss of data
C:\crypto\code\repos\KeyScanner\src\KeyFinder.cpp(4471,22): warning C4244: 'argument': conversion from 'double' to 'int', possible loss of data
C:\crypto\code\repos\KeyScanner\src\KeyFinder.cpp(4487,22): warning C4244: 'argument': conversion from 'double' to 'int', possible loss of data
C:\crypto\code\repos\KeyScanner\src\KeyFinder.cpp(4508,22): warning C4244: 'argument': conversion from 'double' to 'int', possible loss of data
C:\crypto\code\repos\KeyScanner\src\KeyFinder.cpp(4519,22): warning C4244: 'argument': conversion from 'double' to 'int', possible loss of data
C:\crypto\code\repos\KeyScanner\src\KeyFinder.cpp(4535,22): warning C4244: 'argument': conversion from 'double' to 'int', possible loss of data
C:\crypto\code\repos\KeyScanner\src\KeyFinder.cpp(4551,22): warning C4244: 'argument': conversion from 'double' to 'int', possible loss of data
C:\crypto\code\repos\KeyScanner\src\KeyFinder.cpp(4581,21): warning C4244: 'argument': conversion from 'double' to 'int', possible loss of data
C:\crypto\code\repos\KeyScanner\src\KeyFinder.cpp(4590,21): warning C4244: 'argument': conversion from 'double' to 'int', possible loss of data
C:\crypto\code\repos\KeyScanner\src\KeyFinder.cpp(4606,21): warning C4244: 'argument': conversion from 'double' to 'int', possible loss of data
C:\crypto\code\repos\KeyScanner\src\KeyFinder.cpp(4620,21): warning C4244: 'argument': conversion from 'double' to 'int', possible loss of data
C:\crypto\code\repos\KeyScanner\src\KeyFinder.cpp(4639,21): warning C4244: 'argument': conversion from 'double' to 'int', possible loss of data
C:\crypto\code\repos\KeyScanner\src\KeyFinder.cpp(4649,21): warning C4244: 'argument': conversion from 'double' to 'int', possible loss of data
C:\crypto\code\repos\KeyScanner\src\KeyFinder.cpp(4664,21): warning C4244: 'argument': conversion from 'double' to 'int', possible loss of data
C:\crypto\code\repos\KeyScanner\src\KeyFinder.cpp(4678,21): warning C4244: 'argument': conversion from 'double' to 'int', possible loss of data
C:\crypto\code\repos\KeyScanner\src\KeyFinder.cpp(4704,22): warning C4244: 'argument': conversion from 'double' to 'int', possible loss of data
C:\crypto\code\repos\KeyScanner\src\KeyFinder.cpp(4713,22): warning C4244: 'argument': conversion from 'double' to 'int', possible loss of data
C:\crypto\code\repos\KeyScanner\src\KeyFinder.cpp(4729,22): warning C4244: 'argument': conversion from 'double' to 'int', possible loss of data
C:\crypto\code\repos\KeyScanner\src\KeyFinder.cpp(4745,22): warning C4244: 'argument': conversion from 'double' to 'int', possible loss of data
C:\crypto\code\repos\KeyScanner\src\KeyFinder.cpp(4766,22): warning C4244: 'argument': conversion from 'double' to 'int', possible loss of data
C:\crypto\code\repos\KeyScanner\src\KeyFinder.cpp(4776,22): warning C4244: 'argument': conversion from 'double' to 'int', possible loss of data
C:\crypto\code\repos\KeyScanner\src\KeyFinder.cpp(4791,22): warning C4244: 'argument': conversion from 'double' to 'int', possible loss of data
C:\crypto\code\repos\KeyScanner\src\KeyFinder.cpp(4807,22): warning C4244: 'argument': conversion from 'double' to 'int', possible loss of data
C:\crypto\code\repos\KeyScanner\src\KeyFinder.cpp(4832,22): warning C4244: 'argument': conversion from 'double' to 'int', possible loss of data
C:\crypto\code\repos\KeyScanner\src\KeyFinder.cpp(4841,22): warning C4244: 'argument': conversion from 'double' to 'int', possible loss of data
C:\crypto\code\repos\KeyScanner\src\KeyFinder.cpp(4857,22): warning C4244: 'argument': conversion from 'double' to 'int', possible loss of data
C:\crypto\code\repos\KeyScanner\src\KeyFinder.cpp(4872,22): warning C4244: 'argument': conversion from 'double' to 'int', possible loss of data
C:\crypto\code\repos\KeyScanner\src\KeyFinder.cpp(4892,22): warning C4244: 'argument': conversion from 'double' to 'int', possible loss of data
C:\crypto\code\repos\KeyScanner\src\KeyFinder.cpp(4902,22): warning C4244: 'argument': conversion from 'double' to 'int', possible loss of data
C:\crypto\code\repos\KeyScanner\src\KeyFinder.cpp(4917,22): warning C4244: 'argument': conversion from 'double' to 'int', possible loss of data
C:\crypto\code\repos\KeyScanner\src\KeyFinder.cpp(4932,22): warning C4244: 'argument': conversion from 'double' to 'int', possible loss of data
  Main.cpp
C:\crypto\code\repos\KeyScanner\src\GPURand.h(135,1): warning C4267: 'initializing': conversion from 'size_t' to 'int', possible loss of data
C:\crypto\code\repos\KeyScanner\src\GPURand.h(271,11): warning C4244: 'return': conversion from 'uint64_t' to 'int', possible loss of data
C:\crypto\code\repos\KeyScanner\src\GPURand.h(275,1): warning C4267: 'return': conversion from 'size_t' to 'int', possible loss of data
C:\crypto\code\repos\KeyScanner\src\GPURand.h(471,37): warning C4244: 'argument': conversion from 'uint64_t' to 'int', possible loss of data
C:\crypto\code\repos\KeyScanner\src\GPURand.h(494,25): warning C4244: 'argument': conversion from 'uint64_t' to 'int', possible loss of data
C:\crypto\code\repos\KeyScanner\src\GPURand.h(538,37): warning C4244: 'argument': conversion from 'uint64_t' to 'int', possible loss of data
C:\crypto\code\repos\KeyScanner\src\GPURand.h(559,25): warning C4244: 'argument': conversion from 'uint64_t' to 'int', possible loss of data
C:\crypto\code\repos\KeyScanner\src\GPURand.h(600,1): warning C4267: 'initializing': conversion from 'size_t' to 'int', possible loss of data
C:\crypto\code\repos\KeyScanner\src\Main.cpp(349,23): warning C4244: '=': conversion from 'unsigned __int64' to 'int', possible loss of data
C:\crypto\code\repos\KeyScanner\src\Main.cpp(352,22): warning C4244: '=': conversion from 'unsigned __int64' to 'int', possible loss of data
C:\crypto\code\repos\KeyScanner\src\Main.cpp(355,26): warning C4244: '=': conversion from 'unsigned __int64' to 'int', possible loss of data
  OpenSSLRNG.cpp
  Point.cpp
  Random.cpp
  SECP256K1.cpp
  Generating Code...
  Compiling...
  Timer.cpp
  Generating Code...
gmp.lib(invert_limb_table.obj) : warning LNK4078: multiple '.rdata' sections found with different attributes (C0400040)
     Creating library C:\crypto\code\repos\KeyScanner\msvc\x64\Debug\KeyScanner.lib and object C:\crypto\code\repos\KeyScanner\msvc\x64\Debug\KeyScanner.exp
LINK : warning LNK4098: defaultlib 'MSVCRT' conflicts with use of other libs; use /NODEFAULTLIB:library
LINK : warning LNK4098: defaultlib 'LIBCMT' conflicts with use of other libs; use /NODEFAULTLIB:library
  KeyScanner.vcxproj -> C:\crypto\code\repos\KeyScanner\msvc\x64\Debug\KeyScanner.exe
