c:\crypto\code\repos\keyscanner\src\x64\debug\vc142.pdb
c:\crypto\code\repos\keyscanner\src\x64\debug\vc142.idb
c:\crypto\code\repos\keyscanner\src\x64\debug\secp256k1.obj
c:\crypto\code\repos\keyscanner\src\x64\debug\random.obj
c:\crypto\code\repos\keyscanner\src\x64\debug\point.obj
c:\crypto\code\repos\keyscanner\src\x64\debug\opensslrng.obj
c:\crypto\code\repos\keyscanner\src\x64\debug\main.obj
c:\crypto\code\repos\keyscanner\src\x64\debug\keyfinder.obj
c:\crypto\code\repos\keyscanner\src\x64\debug\intmod.obj
c:\crypto\code\repos\keyscanner\src\x64\debug\intgroup.obj
c:\crypto\code\repos\keyscanner\src\x64\debug\int.obj
c:\crypto\code\repos\keyscanner\src\x64\debug\sha512.obj
c:\crypto\code\repos\keyscanner\src\x64\debug\sha256_sse.obj
c:\crypto\code\repos\keyscanner\src\x64\debug\sha256.obj
c:\crypto\code\repos\keyscanner\src\x64\debug\ripemd160_sse.obj
c:\crypto\code\repos\keyscanner\src\x64\debug\ripemd160.obj
c:\crypto\code\repos\keyscanner\src\x64\debug\keccak160.obj
c:\crypto\code\repos\keyscanner\src\x64\debug\gpugenerate.obj
c:\crypto\code\repos\keyscanner\src\x64\debug\cmdparse.obj
c:\crypto\code\repos\keyscanner\src\x64\debug\bloom.obj
c:\crypto\code\repos\keyscanner\src\x64\debug\base58.obj
c:\crypto\code\repos\keyscanner\src\x64\debug\timer.obj
x64\debug\gpurand.cu.obj
x64\debug\gpuengine.cu.obj
c:\crypto\code\repos\keyscanner\src\x64\debug\gpuengine.cu.cache
c:\crypto\code\repos\keyscanner\src\x64\debug\gpurand.cu.cache
c:\crypto\code\repos\keyscanner\src\x64\debug\gpuengine.cu.obj
c:\crypto\code\repos\keyscanner\src\x64\debug\gpurand.cu.obj
c:\crypto\code\repos\keyscanner\src\x64\debug\keyscanner.tlog\cl.command.1.tlog
c:\crypto\code\repos\keyscanner\src\x64\debug\keyscanner.tlog\cl.read.1.tlog
c:\crypto\code\repos\keyscanner\src\x64\debug\keyscanner.tlog\cl.write.1.tlog
c:\crypto\code\repos\keyscanner\src\x64\debug\keyscanner.tlog\cudacompile.read.1u.tlog
c:\crypto\code\repos\keyscanner\src\x64\debug\keyscanner.tlog\cudacompile.write.1u.tlog
